This is XeTeX, Version 3.14159265-2.6-0.99992 (TeX Live 2015) (preloaded format=xelatex 2016.2.13)  10 SEP 2016 15:22
entering extended mode
 restricted \write18 enabled.
 file:line:error style messages enabled.
 %&-line parsing enabled.
**\nonstopmode\nofiles\PassOptionsToPackage{active,tightpage,auctex}{preview}\A
tBeginDocument{\ifx\ifPreview\undefined\RequirePackage[displaymath,floats,graph
ics,textmath,sections,footnotes]{preview}[2004/11/05]\fi} \input _region_.tex
(./_region_.tex  !name(ruby.tex)
(/usr/local/texlive/2015/texmf-dist/tex/latex/ctex/ctexart.cls
(/usr/local/texlive/2015/texmf-dist/tex/latex/l3kernel/expl3.sty
Package: expl3 2015/03/01 v5547 L3 programming layer (loader) 

(/usr/local/texlive/2015/texmf-dist/tex/latex/l3kernel/expl3-code.tex
Package: expl3 2015/03/01 v5547 L3 programming layer (code) 
L3 Module: l3bootstrap 2015/02/28 v5542 L3 Bootstrap code
L3 Module: l3names 2015/02/24 v5535 L3 Namespace for primitives
L3 Module: l3basics 2015/01/27 v5500 L3 Basic definitions
L3 Module: l3expan 2014/11/27 v5472 L3 Argument expansion
L3 Module: l3tl 2015/01/27 v5500 L3 Token lists
L3 Module: l3str 2015/03/01 v5545 L3 Strings
L3 Module: l3seq 2014/08/23 v5354 L3 Sequences and stacks
L3 Module: l3int 2015/02/21 v5529 L3 Integers
\c_max_int=\count79
\l_tmpa_int=\count80
\l_tmpb_int=\count81
\g_tmpa_int=\count82
\g_tmpb_int=\count83
L3 Module: l3quark 2014/08/23 v5354 L3 Quarks
L3 Module: l3prg 2014/08/23 v5354 L3 Control structures
\g__prg_map_int=\count84
L3 Module: l3clist 2014/08/23 v5354 L3 Comma separated lists
L3 Module: l3token 2014/09/15 v5422 L3 Experimental token manipulation
L3 Module: l3prop 2014/08/23 v5354 L3 Property lists
L3 Module: l3msg 2015/02/26 v5537 L3 Messages
L3 Module: l3file 2014/08/24 v5369 L3 File and I/O operations
\l_iow_line_count_int=\count85
\l__iow_target_count_int=\count86
\l__iow_current_line_int=\count87
\l__iow_current_word_int=\count88
\l__iow_current_indentation_int=\count89
L3 Module: l3skip 2014/08/23 v5354 L3 Dimensions and skips
\c_zero_dim=\dimen102
\c_max_dim=\dimen103
\l_tmpa_dim=\dimen104
\l_tmpb_dim=\dimen105
\g_tmpa_dim=\dimen106
\g_tmpb_dim=\dimen107
\c_zero_skip=\skip41
\c_max_skip=\skip42
\l_tmpa_skip=\skip43
\l_tmpb_skip=\skip44
\g_tmpa_skip=\skip45
\g_tmpb_skip=\skip46
\c_zero_muskip=\muskip10
\c_max_muskip=\muskip11
\l_tmpa_muskip=\muskip12
\l_tmpb_muskip=\muskip13
\g_tmpa_muskip=\muskip14
\g_tmpb_muskip=\muskip15
L3 Module: l3keys 2015/01/27 v5500 L3 Key-value interfaces
\g__keyval_level_int=\count90
\l_keys_choice_int=\count91
L3 Module: l3fp 2014/08/22 v5336 L3 Floating points
\c__fp_leading_shift_int=\count92
\c__fp_middle_shift_int=\count93
\c__fp_trailing_shift_int=\count94
\c__fp_big_leading_shift_int=\count95
\c__fp_big_middle_shift_int=\count96
\c__fp_big_trailing_shift_int=\count97
\c__fp_Bigg_leading_shift_int=\count98
\c__fp_Bigg_middle_shift_int=\count99
\c__fp_Bigg_trailing_shift_int=\count100
L3 Module: l3box 2014/08/23 v5354 L3 Experimental boxes
\c_empty_box=\box26
\l_tmpa_box=\box27
\l_tmpb_box=\box28
\g_tmpa_box=\box29
\g_tmpb_box=\box30
L3 Module: l3coffins 2014/08/23 v5354 L3 Coffin code layer
\l__coffin_internal_box=\box31
\l__coffin_internal_dim=\dimen108
\l__coffin_offset_x_dim=\dimen109
\l__coffin_offset_y_dim=\dimen110
\l__coffin_x_dim=\dimen111
\l__coffin_y_dim=\dimen112
\l__coffin_x_prime_dim=\dimen113
\l__coffin_y_prime_dim=\dimen114
\c_empty_coffin=\box32
\l__coffin_aligned_coffin=\box33
\l__coffin_aligned_internal_coffin=\box34
\l_tmpa_coffin=\box35
\l_tmpb_coffin=\box36
\l__coffin_display_coffin=\box37
\l__coffin_display_coord_coffin=\box38
\l__coffin_display_pole_coffin=\box39
\l__coffin_display_offset_dim=\dimen115
\l__coffin_display_x_dim=\dimen116
\l__coffin_display_y_dim=\dimen117
L3 Module: l3color 2014/08/23 v5354 L3 Experimental color support
L3 Module: l3candidates 2015/03/01 v5544 L3 Experimental additions to l3kernel
\l__box_top_dim=\dimen118
\l__box_bottom_dim=\dimen119
\l__box_left_dim=\dimen120
\l__box_right_dim=\dimen121
\l__box_top_new_dim=\dimen122
\l__box_bottom_new_dim=\dimen123
\l__box_left_new_dim=\dimen124
\l__box_right_new_dim=\dimen125
\l__box_internal_box=\box40
\l__coffin_bounding_shift_dim=\dimen126
\l__coffin_left_corner_dim=\dimen127
\l__coffin_right_corner_dim=\dimen128
\l__coffin_bottom_corner_dim=\dimen129
\l__coffin_top_corner_dim=\dimen130
\l__coffin_scaled_total_height_dim=\dimen131
\l__coffin_scaled_width_dim=\dimen132
)
(/usr/local/texlive/2015/texmf-dist/tex/latex/l3kernel/l3unicode-data.def
File: l3unicode-data.def 2015/03/01 v5544 L3 Unicode data
)
(/usr/local/texlive/2015/texmf-dist/tex/latex/l3kernel/l3xdvipdfmx.def
File: l3xdvidpfmx.def 2015/03/01 v5544 L3 Experimental driver: xdvipdfmx
))
Document Class: ctexart 2015/05/16 v2.0.2 Chinese adapter for class article (CT
EX)
(/usr/local/texlive/2015/texmf-dist/tex/latex/l3packages/xparse/xparse.sty
Package: xparse 2014/11/25 v5471 L3 Experimental document command parser
\l__xparse_current_arg_int=\count101
\l__xparse_m_args_int=\count102
\l__xparse_mandatory_args_int=\count103
\l__xparse_processor_int=\count104
\l__xparse_v_nesting_int=\count105
)
(/usr/local/texlive/2015/texmf-dist/tex/latex/l3packages/l3keys2e/l3keys2e.sty
Package: l3keys2e 2014/11/25 v5471 LaTeX2e option processing using LaTeX3 keys
) (/usr/local/texlive/2015/texmf-dist/tex/latex/etoolbox/etoolbox.sty
Package: etoolbox 2015/05/04 v2.2 e-TeX tools for LaTeX (JAW)
\etb@tempcnta=\count106
)
(/usr/local/texlive/2015/texmf-dist/tex/generic/oberdiek/ifpdf.sty
Package: ifpdf 2011/01/30 v2.3 Provides the ifpdf switch (HO)
Package ifpdf Info: pdfTeX in PDF mode is not detected.
)
(/usr/local/texlive/2015/texmf-dist/tex/latex/base/fix-cm.sty
Package: fix-cm 2015/01/14 v1.1t fixes to LaTeX

(/usr/local/texlive/2015/texmf-dist/tex/latex/base/ts1enc.def
File: ts1enc.def 2001/06/05 v3.0e (jk/car/fm) Standard LaTeX file
))
(/usr/local/texlive/2015/texmf-dist/tex/latex/ms/everysel.sty
Package: everysel 2011/10/28 v1.2 EverySelectfont Package (MS)
)
\l__ctex_tmp_int=\count107
\l__ctex_tmp_dim=\dimen133
\l__ctex_tmp_box=\box41
\g__file_internal_ior=\read1

(/usr/local/texlive/2015/texmf-dist/tex/latex/ctex/config/ctexopts.cfg
File: ctexopts.cfg 2015/05/16 v2.0.2 Option configuration file (CTEX)
)
(/usr/local/texlive/2015/texmf-dist/tex/latex/base/article.cls
Document Class: article 2014/09/29 v1.4h Standard LaTeX document class
(/usr/local/texlive/2015/texmf-dist/tex/latex/base/size11.clo
File: size11.clo 2014/09/29 v1.4h Standard LaTeX file (size option)
)
\c@part=\count108
\c@section=\count109
\c@subsection=\count110
\c@subsubsection=\count111
\c@paragraph=\count112
\c@subparagraph=\count113
\c@figure=\count114
\c@table=\count115
\abovecaptionskip=\skip47
\belowcaptionskip=\skip48
\bibindent=\dimen134
)
.................................................
. LaTeX info: "xparse/define-command"
. 
. Defining command \ctexset with sig. '+m' on line 474.
.................................................
.................................................
. LaTeX info: "xparse/define-command"
. 
. Defining command \CTEXsetup with sig. '+o>{\TrimSpaces }m' on line 480.
.................................................
.................................................
. LaTeX info: "xparse/define-command"
. 
. Defining command \CTEXoptions with sig. '+o' on line 486.
.................................................

(/usr/local/texlive/2015/texmf-dist/tex/latex/ctex/engine/ctex-engine-xetex.def
File: ctex-engine-xetex.def 2015/05/16 v2.0.2 XeLaTeX adapter (CTEX)
(/usr/local/texlive/2015/texmf-dist/tex/xelatex/xecjk/xeCJK.sty
Package: xeCJK 2015/05/15 v3.3.2 Typesetting CJK scripts with XeLaTeX

(/usr/local/texlive/2015/texmf-dist/tex/latex/l3packages/xtemplate/xtemplate.st
y
Package: xtemplate 2014/11/25 v5471 L3 Experimental prototype document function
s
\l__xtemplate_tmp_dim=\dimen135
\l__xtemplate_tmp_int=\count116
\l__xtemplate_tmp_muskip=\muskip16
\l__xtemplate_tmp_skip=\skip49
Variant \prop_get:NoNTF already defined; not changing it on line 106
Variant \prop_get:NoNT already defined; not changing it on line 107
Variant \prop_get:NoNF already defined; not changing it on line 108
)
\l__xeCJK_tmp_int=\count117
\l__xeCJK_tmp_box=\box42
\l__xeCJK_tmp_dim=\dimen136
\l__xeCJK_tmp_skip=\skip50
.................................................
. LaTeX info: "xparse/define-command"
. 
. Defining command \xeCJKShipoutHook with sig. '' on line 151.
.................................................
\g__xeCJK_spacefactor_int=\count118
\l__xeCJK_begin_int=\count119
\l__xeCJK_end_int=\count120
.................................................
. LaTeX info: "xparse/define-command"
. 
. Defining command \makexeCJKactive with sig. '' on line 383.
.................................................
.................................................
. LaTeX info: "xparse/define-command"
. 
. Defining command \makexeCJKinactive with sig. '' on line 384.
.................................................
\c__xeCJK_HalfLeft_class_int=\XeTeXcharclass4
\c__xeCJK_HalfRight_class_int=\XeTeXcharclass5
\c__xeCJK_NormalSpace_class_int=\XeTeXcharclass6
\c__xeCJK_CM_class_int=\XeTeXcharclass7
\c__xeCJK_HangulJamo_class_int=\XeTeXcharclass8
.................................................
. LaTeX info: "xparse/define-command"
. 
. Defining command \xeCJKDeclareCharClass with sig. 's>{\TrimSpaces }mm' on
. line 543.
.................................................
.................................................
. LaTeX info: "xparse/define-command"
. 
. Defining command \__xeCJK_set_char_class_aux:Nnw with sig.
. 'm>{\SplitArgument {1}{->}}m' on line 560.
.................................................
.................................................
. LaTeX info: "xparse/define-command"
. 
. Defining command \normalspacedchars with sig. 'm' on line 602.
.................................................
.................................................
. LaTeX info: "xparse/define-command"
. 
. Defining command \xeCJKResetPunctClass with sig. '' on line 609.
.................................................
.................................................
. LaTeX info: "xparse/define-command"
. 
. Defining command \xeCJKResetCharClass with sig. '' on line 617.
.................................................
\g__xeCJK_node_int=\count121
\c__xeCJK_CJK_node_dim=\dimen137
\c__xeCJK_CJK-space_node_dim=\dimen138
\c__xeCJK_default_node_dim=\dimen139
\c__xeCJK_default-space_node_dim=\dimen140
\c__xeCJK_CJK-widow_node_dim=\dimen141
\c__xeCJK_normalspace_node_dim=\dimen142
\l__xeCJK_ccglue_skip=\skip51
\l__xeCJK_ecglue_skip=\skip52
.................................................
. LaTeX info: "xparse/define-command"
. 
. Defining command \xeCJKnobreak with sig. '' on line 1394.
.................................................
\l__xeCJK_widow_penalty_int=\count122
.................................................
. LaTeX info: "xparse/define-command"
. 
. Defining command \xeCJKDeclareSubCJKBlock with sig. 's>{\TrimSpaces
. }m>{\TrimSpaces }m' on line 1590.
.................................................
.................................................
. LaTeX info: "xparse/define-command"
. 
. Defining command \xeCJKCancelSubCJKBlock with sig. 'sm' on line 1601.
.................................................
.................................................
. LaTeX info: "xparse/define-command"
. 
. Defining command \xeCJKRestoreSubCJKBlock with sig. 'sm' on line 1610.
.................................................
.................................................
. LaTeX info: "xparse/define-command"
. 
. Defining command \xeCJKsetwidth with sig. 'smm' on line 1708.
.................................................
.................................................
. LaTeX info: "xparse/define-command"
. 
. Defining command \xeCJKsetkern with sig. 'mmm' on line 1712.
.................................................
.................................................
. xtemplate info: "declare-object-type"
. 
. Declaring object type 'xeCJK/punctuation' taking \c_zero  argument(s) on
. line 1813.
.................................................
\l__xeCJK_fixed_punct_width_dim=\dimen143
\l__xeCJK_mixed_punct_width_dim=\dimen144
\l__xeCJK_middle_punct_width_dim=\dimen145
\l__xeCJK_fixed_margin_width_dim=\dimen146
\l__xeCJK_mixed_margin_width_dim=\dimen147
\l__xeCJK_middle_margin_width_dim=\dimen148
\l__xeCJK_bound_punct_width_dim=\dimen149
\l__xeCJK_bound_margin_width_dim=\dimen150
\l__xeCJK_margin_minimum_dim=\dimen151
\l__xeCJK_kerning_total_width_dim=\dimen152
\l__xeCJK_same_align_margin_dim=\dimen153
\l__xeCJK_different_align_margin_dim=\dimen154
\l__xeCJK_kerning_margin_width_dim=\dimen155
\l__xeCJK_kerning_margin_minimum_dim=\dimen156
\l__xeCJK_bound_dim=\dimen157
\l__xeCJK_reverse_bound_dim=\dimen158
.................................................
. LaTeX info: "xparse/define-command"
. 
. Defining command \xeCJKDeclarePunctStyle with sig. '>{\TrimSpaces }mm' on
. line 2298.
.................................................
.................................................
. LaTeX info: "xparse/define-command"
. 
. Defining command \xeCJKEditPunctStyle with sig. '>{\TrimSpaces }mm' on line
. 2311.
.................................................
.................................................
. LaTeX info: "xparse/define-command"
. 
. Defining command \setCJKfallbackfamilyfont with sig. 'mO{}m' on line 2399.
.................................................
\g__xeCJK_family_int=\count123
.................................................
. LaTeX info: "xparse/define-command"
. 
. Defining command \CJKfamily with sig. 't+t-m' on line 2823.
.................................................
.................................................
. LaTeX info: "xparse/define-command"
. 
. Defining command \__xeCJK_gobble_CJKfamily:wn with sig. 't+t-m' on line
. 2837.
.................................................
.................................................
. LaTeX info: "xparse/define-command"
. 
. Defining command \setCJKmainfont with sig. 'O{}m' on line 2887.
.................................................
.................................................
. LaTeX info: "xparse/define-command"
. 
. Defining command \setCJKsansfont with sig. 'O{}m' on line 2893.
.................................................
.................................................
. LaTeX info: "xparse/define-command"
. 
. Defining command \setCJKmonofont with sig. 'O{}m' on line 2898.
.................................................
.................................................
. LaTeX info: "xparse/define-command"
. 
. Defining command \setCJKfamilyfont with sig. 'mO{}m' on line 2905.
.................................................
.................................................
. LaTeX info: "xparse/define-command"
. 
. Defining command \newCJKfontfamily with sig. 'omO{}m' on line 2911.
.................................................
.................................................
. LaTeX info: "xparse/define-command"
. 
. Defining command \CJKfontspec with sig. 'O{}m' on line 2916.
.................................................
.................................................
. LaTeX info: "xparse/define-command"
. 
. Defining command \defaultCJKfontfeatures with sig. 'm' on line 2939.
.................................................
.................................................
. LaTeX info: "xparse/define-command"
. 
. Defining command \addCJKfontfeatures with sig. 'sO{}m' on line 2945.
.................................................
.................................................
. LaTeX info: "xparse/define-command"
. 
. Defining command \setCJKmathfont with sig. 'O{}m' on line 3115.
.................................................
\l__xeCJK_verb_case_int=\count124
.................................................
. LaTeX info: "xparse/define-command"
. 
. Defining command \xeCJKVerbAddon with sig. '' on line 3268.
.................................................
.................................................
. LaTeX info: "xparse/define-command"
. 
. Defining command \xeCJKOffVerbAddon with sig. '' on line 3272.
.................................................
\l__xeCJK_verb_exspace_skip=\skip53
 (/usr/local/texlive/2015/texmf-dist/tex/latex/fontspec/fontspec.sty
Package: fontspec 2015/03/14 v2.4c Font selection for XeLaTeX and LuaLaTeX
\l_fontspec_script_int=\count125
\l_fontspec_language_int=\count126
\l_fontspec_strnum_int=\count127
\l__fontspec_tmpa_dim=\dimen159
\l__fontspec_tmpb_dim=\dimen160
\l__fontspec_tmpc_dim=\dimen161
Variant \tl_gset:cV already defined; not changing it on line 71

(/usr/local/texlive/2015/texmf-dist/tex/latex/fontspec/fontspec-patches.sty
Package: fontspec-patches 2015/03/14 v2.4c Font selection for XeLaTeX and LuaLa
TeX
LaTeX Info: Redefining \em on input line 49.
LaTeX Info: Redefining \emph on input line 57.
LaTeX Info: Redefining \- on input line 60.
.................................................
. LaTeX info: "xparse/redefine-command"
. 
. Redefining command \oldstylenums with sig. 'm' on line 155.
.................................................
.................................................
. LaTeX info: "xparse/define-command"
. 
. Defining command \liningnums with sig. 'm' on line 159.
.................................................
)
(/usr/local/texlive/2015/texmf-dist/tex/latex/fontspec/fontspec-xetex.sty
Package: fontspec-xetex 2015/03/14 v2.4c Font selection for XeLaTeX and LuaLaTe
X

(/usr/local/texlive/2015/texmf-dist/tex/latex/base/fontenc.sty
Package: fontenc 2005/09/27 v1.99g Standard LaTeX package

(/usr/local/texlive/2015/texmf-dist/tex/latex/euenc/eu1enc.def
File: eu1enc.def 2010/05/27 v0.1h Experimental Unicode font encodings
)
LaTeX Font Info:    Try loading font information for EU1+lmr on input line 105.


(/usr/local/texlive/2015/texmf-dist/tex/latex/euenc/eu1lmr.fd
File: eu1lmr.fd 2009/10/30 v1.6 Font defs for Latin Modern
))
(/usr/local/texlive/2015/texmf-dist/tex/xelatex/xunicode/xunicode.sty
File: xunicode.sty 2011/09/09 v0.981 provides access to latin accents and many 
other characters in Unicode lower plane

(/usr/local/texlive/2015/texmf-dist/tex/latex/tipa/t3enc.def
File: t3enc.def 2001/12/31 T3 encoding
LaTeX Font Info:    Try loading font information for EU1+lmss on input line 357
.

(/usr/local/texlive/2015/texmf-dist/tex/latex/euenc/eu1lmss.fd
File: eu1lmss.fd 2009/10/30 v1.6 Font defs for Latin Modern
))
\tipaTiiicode=\count128
\tipasavetokens=\toks14
\tipachecktokens=\toks15

(/usr/local/texlive/2015/texmf-dist/tex/latex/graphics/graphicx.sty
Package: graphicx 2014/10/28 v1.0g Enhanced LaTeX Graphics (DPC,SPQR)

(/usr/local/texlive/2015/texmf-dist/tex/latex/graphics/keyval.sty
Package: keyval 2014/10/28 v1.15 key=value parser (DPC)
\KV@toks@=\toks16
)
(/usr/local/texlive/2015/texmf-dist/tex/latex/graphics/graphics.sty
Package: graphics 2014/10/28 v1.0p Standard LaTeX Graphics (DPC,SPQR)

(/usr/local/texlive/2015/texmf-dist/tex/latex/graphics/trig.sty
Package: trig 1999/03/16 v1.09 sin cos tan (DPC)
)
(/usr/local/texlive/2015/texmf-dist/tex/latex/latexconfig/graphics.cfg
File: graphics.cfg 2010/04/23 v1.9 graphics configuration of TeX Live
)
Package graphics Info: Driver file: xetex.def on input line 94.

(/usr/local/texlive/2015/texmf-dist/tex/xelatex/xetex-def/xetex.def
File: xetex.def 2015/03/25 v4.04 LaTeX color/graphics driver for XeTeX (TeX Liv
e/RRM/JK)
))
\Gin@req@height=\dimen162
\Gin@req@width=\dimen163
))
.................................................
. LaTeX info: "xparse/define-command"
. 
. Defining command \__fontspec_post_arg:w with sig. 'mmO{}' on line 42.
.................................................
.................................................
. LaTeX info: "xparse/define-command"
. 
. Defining command \fontspec with sig. 'om' on line 44.
.................................................
.................................................
. LaTeX info: "xparse/define-command"
. 
. Defining command \setmainfont with sig. 'om' on line 54.
.................................................
.................................................
. LaTeX info: "xparse/define-command"
. 
. Defining command \setsansfont with sig. 'om' on line 64.
.................................................
.................................................
. LaTeX info: "xparse/define-command"
. 
. Defining command \setmonofont with sig. 'om' on line 74.
.................................................
.................................................
. LaTeX info: "xparse/define-command"
. 
. Defining command \setmathrm with sig. 'om' on line 88.
.................................................
.................................................
. LaTeX info: "xparse/define-command"
. 
. Defining command \setboldmathrm with sig. 'om' on line 96.
.................................................
.................................................
. LaTeX info: "xparse/define-command"
. 
. Defining command \setmathsf with sig. 'om' on line 104.
.................................................
.................................................
. LaTeX info: "xparse/define-command"
. 
. Defining command \setmathtt with sig. 'om' on line 112.
.................................................
.................................................
. LaTeX info: "xparse/define-command"
. 
. Defining command \newfontfamily with sig. 'mom' on line 126.
.................................................
.................................................
. LaTeX info: "xparse/define-command"
. 
. Defining command \newfontface with sig. 'mom' on line 141.
.................................................
.................................................
. LaTeX info: "xparse/define-command"
. 
. Defining command \defaultfontfeatures with sig. 't+om' on line 155.
.................................................
.................................................
. LaTeX info: "xparse/define-command"
. 
. Defining command \addfontfeatures with sig. 'm' on line 210.
.................................................
.................................................
. LaTeX info: "xparse/define-command"
. 
. Defining command \newfontfeature with sig. 'mm' on line 221.
.................................................
.................................................
. LaTeX info: "xparse/define-command"
. 
. Defining command \newAATfeature with sig. 'mmmm' on line 229.
.................................................
.................................................
. LaTeX info: "xparse/define-command"
. 
. Defining command \newopentypefeature with sig. 'mmm' on line 237.
.................................................
.................................................
. LaTeX info: "xparse/define-command"
. 
. Defining command \aliasfontfeature with sig. 'mm' on line 261.
.................................................
.................................................
. LaTeX info: "xparse/define-command"
. 
. Defining command \aliasfontfeatureoption with sig. 'mmm' on line 270.
.................................................
.................................................
. LaTeX info: "xparse/define-command"
. 
. Defining command \newfontscript with sig. 'mm' on line 275.
.................................................
.................................................
. LaTeX info: "xparse/define-command"
. 
. Defining command \newfontlanguage with sig. 'mm' on line 301.
.................................................
.................................................
. LaTeX info: "xparse/define-command"
. 
. Defining command \DeclareFontsExtensions with sig. 'm' on line 321.
.................................................
Variant \prop_gput:cnV already defined; not changing it on line 704
Variant \prop_gput:cnx already defined; not changing it on line 705
\l__fontspec_tmp_int=\count129
LaTeX Info: Redefining \itshape on input line 2232.
LaTeX Info: Redefining \slshape on input line 2237.
LaTeX Info: Redefining \scshape on input line 2242.
LaTeX Info: Redefining \upshape on input line 2247.

(/usr/local/texlive/2015/texmf-dist/tex/latex/fontspec/fontspec.cfg)))
(/usr/local/texlive/2015/texmf-dist/tex/xelatex/xecjk/xunicode-addon.sty
Package: xunicode-addon 2015/05/15 v3.3.2 addon file for xunicode
.................................................
. LaTeX info: "xparse/redefine-command"
. 
. Redefining command \ReloadXunicode with sig. 'm' on line 89.
.................................................
.................................................
. LaTeX info: "xparse/redefine-command"
. 
. Redefining command \DeclareUTFmathsymbols with sig. 'm' on line 124.
.................................................
.................................................
. LaTeX info: "xparse/redefine-command"
. 
. Redefining command \UseMathAsText with sig. '' on line 133.
.................................................
.................................................
. LaTeX info: "xparse/redefine-command"
. 
. Redefining command \UndeclareUTFcharacter with sig. 'O{\UTFencname }mm' on
. line 168.
.................................................
.................................................
. LaTeX info: "xparse/redefine-command"
. 
. Redefining command \UndeclareUTFcomposite with sig. 'O{\UTFencname }mmm' on
. line 175.
.................................................
.................................................
. LaTeX info: "xparse/redefine-command"
. 
. Redefining command \DeclareUTFcharacter with sig. 'O{\UTFencname }mm' on
. line 202.
.................................................
.................................................
. LaTeX info: "xparse/define-command"
. 
. Defining command \DeclareUTFSymbol with sig. 'mO{\UTFencname }m' on line
. 228.
.................................................
.................................................
. LaTeX info: "xparse/define-command"
. 
. Defining command \DeclareUTFCommand with sig. 'mO{\UTFencname }m' on line
. 230.
.................................................
.................................................
. LaTeX info: "xparse/redefine-command"
. 
. Redefining command \DeclareUTFcomposite with sig. 'O{\UTFencname }mmm' on
. line 273.
.................................................
.................................................
. LaTeX info: "xparse/define-command"
. 
. Defining command \DeclareUTFCompositeCommand with sig. 'mO{\UTFencname }mm'
. on line 286.
.................................................
.................................................
. LaTeX info: "xparse/define-command"
. 
. Defining command \DeclareUTFCompositeSymbol with sig. 'mO{\UTFencname }mm'
. on line 291.
.................................................
.................................................
. LaTeX info: "xparse/define-command"
. 
. Defining command \DeclareUTFComposite with sig. 'mO{\UTFencname }' on line
. 293.
.................................................
.................................................
. LaTeX info: "xparse/define-command"
. 
. Defining command \DeclareUTFEncodedAccent with sig. 'mO{\UTFencname }mm' on
. line 295.
.................................................
.................................................
. LaTeX info: "xparse/define-command"
. 
. Defining command \DeclareUTFEncodedAccents with sig. 'mO{\UTFencname }mm' on
. line 297.
.................................................
.................................................
. LaTeX info: "xparse/define-command"
. 
. Defining command \DeclareUTFEncodedSymbol with sig. 'mO{\UTFencname }mm' on
. line 299.
.................................................
.................................................
. LaTeX info: "xparse/define-command"
. 
. Defining command \DeclareUTFEncodedCircle with sig. 'mO{\UTFencname }mm' on
. line 301.
.................................................
.................................................
. LaTeX info: "xparse/redefine-command"
. 
. Redefining command \DeclareEncodedCompositeCharacter with sig. 'mmmm' on
. line 303.
.................................................
.................................................
. LaTeX info: "xparse/redefine-command"
. 
. Redefining command \DeclareEncodedCompositeAccents with sig. 'mmmm' on line
. 305.
.................................................
.................................................
. LaTeX info: "xparse/define-command"
. 
. Defining command \DeclareUTFDoubleEncodedAccent with sig. 'mO{\UTFencname
. }mm' on line 307.
.................................................
.................................................
. LaTeX info: "xparse/define-command"
. 
. Defining command \DeclareUTFDoubleEncodedSymbol with sig. 'mO{\UTFencname
. }mm' on line 309.
.................................................
\l__xunadd_tmp_coffin=\box43
\l__xunadd_circle_coffin=\box44
.................................................
. LaTeX info: "xparse/define-command"
. 
. Defining command \settextcircledratio with sig. 'm' on line 460.
.................................................
.................................................
. LaTeX info: "xparse/define-command"
. 
. Defining command \AtBeginUTFCommand with sig. 'sO{}+m' on line 529.
.................................................
.................................................
. LaTeX info: "xparse/define-command"
. 
. Defining command \AtEndUTFCommand with sig. 'sO{}+m' on line 539.
.................................................
.................................................
. LaTeX info: "xparse/define-command"
. 
. Defining command \DeclareUTFTIPACommand with sig. 'O{\UTFencname }m' on line
. 571.
.................................................
)
(/usr/local/texlive/2015/texmf-dist/tex/xelatex/xunicode/xunicode.sty
File: xunicode.sty 2011/09/09 v0.981 provides access to latin accents and many 
other characters in Unicode lower plane

*** Reloading Xunicode for encoding 'EU1' ***
) (/usr/local/texlive/2015/texmf-dist/tex/xelatex/xecjk/xunicode-extra.def
File: xunicode-extra.def 2015/05/15 v3.3.2 extra definition for xunicode
)
.................................................
. LaTeX info: "xparse/define-command"
. 
. Defining command \xeCJKsetup with sig. '+m' on line 3572.
.................................................
.................................................
. LaTeX info: "xparse/define-command"
. 
. Defining command \xeCJKsetemboldenfactor with sig. 'm' on line 3574.
.................................................
.................................................
. LaTeX info: "xparse/define-command"
. 
. Defining command \xeCJKsetslantfactor with sig. 'm' on line 3576.
.................................................
.................................................
. LaTeX info: "xparse/define-command"
. 
. Defining command \punctstyle with sig. 'm' on line 3577.
.................................................
.................................................
. LaTeX info: "xparse/define-command"
. 
. Defining command \xeCJKplainchr with sig. '' on line 3578.
.................................................
.................................................
. LaTeX info: "xparse/define-command"
. 
. Defining command \CJKsetecglue with sig. 'm' on line 3579.
.................................................
.................................................
. LaTeX info: "xparse/define-command"
. 
. Defining command \CJKspace with sig. '' on line 3581.
.................................................
.................................................
. LaTeX info: "xparse/define-command"
. 
. Defining command \CJKnospace with sig. '' on line 3582.
.................................................
.................................................
. LaTeX info: "xparse/define-command"
. 
. Defining command \xeCJKallowbreakbetweenpuncts with sig. '' on line 3584.
.................................................
.................................................
. LaTeX info: "xparse/define-command"
. 
. Defining command \xeCJKnobreakbetweenpuncts with sig. '' on line 3586.
.................................................
.................................................
. LaTeX info: "xparse/define-command"
. 
. Defining command \xeCJKenablefallback with sig. '' on line 3588.
.................................................
.................................................
. LaTeX info: "xparse/define-command"
. 
. Defining command \xeCJKdisablefallback with sig. '' on line 3590.
.................................................
.................................................
. LaTeX info: "xparse/define-command"
. 
. Defining command \xeCJKsetcharclass with sig. 'mmm' on line 3595.
.................................................
.................................................
. LaTeX info: "xparse/redefine-command"
. 
. Redefining command \nobreakspace with sig. '' on line 3714.
.................................................
.................................................
. LaTeX info: "xparse/redefine-command"
. 
. Redefining command \fontfamily with sig. 'm' on line 3760.
.................................................

(/usr/local/texlive/2015/texmf-dist/tex/xelatex/xecjk/xeCJK.cfg
File: xeCJK.cfg 2015/05/15 v3.3.2 Configuration file for xeCJK package
))
(/usr/local/texlive/2015/texmf-dist/tex/xelatex/xecjk/xeCJKfntef.sty
Package: xeCJKfntef 2015/05/15 v3.3.2 xeCJK font effect

(/usr/local/texlive/2015/texmf-dist/tex/generic/ulem/ulem.sty
\UL@box=\box45
\UL@hyphenbox=\box46
\UL@skip=\skip54
\UL@hook=\toks17
\UL@height=\dimen164
\UL@pe=\count130
\UL@pixel=\dimen165
\ULC@box=\box47
Package: ulem 2012/05/18
\ULdepth=\dimen166
)
(/usr/local/texlive/2015/texmf-dist/tex/latex/environ/environ.sty
Package: environ 2014/05/04 v0.3 A new way to define environments

(/usr/local/texlive/2015/texmf-dist/tex/latex/trimspaces/trimspaces.sty
Package: trimspaces 2009/09/17 v1.1 Trim spaces around a token list
)
\@envbody=\toks18
)
(/usr/local/texlive/2015/texmf-dist/tex/latex/cjk/texinput/CJKfntef.sty
Package: CJKfntef 2015/04/18 4.8.4
\CJK@fntefSkip=\skip55
\CJK@nest=\count131
\CJK@fntefDimen=\dimen167
\CJK@underdotBox=\box48
\CJK@ULbox=\box49
\CJK@underanyskip=\dimen168
)
\l__xeCJK_space_skip=\skip56
\c__xeCJK_ulem-left_node_dim=\dimen169
\c__xeCJK_null_box=\box50
.................................................
. LaTeX info: "xparse/define-command"
. 
. Defining command \xeCJKfntefon with sig. 'st-so' on line 590.
.................................................
.................................................
. LaTeX info: "xparse/redefine-command"
. 
. Redefining command \CJKunderline with sig. 'st-so' on line 609.
.................................................
.................................................
. LaTeX info: "xparse/redefine-command"
. 
. Redefining command \varCJKunderline with sig. '' on line 611.
.................................................
.................................................
. LaTeX info: "xparse/redefine-command"
. 
. Redefining command \CJKunderwave with sig. 'st-so' on line 621.
.................................................
.................................................
. LaTeX info: "xparse/redefine-command"
. 
. Redefining command \CJKunderdblline with sig. 'st-so' on line 645.
.................................................
.................................................
. LaTeX info: "xparse/redefine-command"
. 
. Redefining command \CJKsout with sig. 'st-so' on line 664.
.................................................
.................................................
. LaTeX info: "xparse/redefine-command"
. 
. Redefining command \CJKxout with sig. 'st-so' on line 681.
.................................................
.................................................
. LaTeX info: "xparse/redefine-command"
. 
. Redefining command \CJKunderanyline with sig. 'st-somm' on line 702.
.................................................
\l__xeCJK_fntef_box=\box51
.................................................
. LaTeX info: "xparse/redefine-command"
. 
. Redefining command \CJKunderanysymbol with sig. 'ommm' on line 874.
.................................................
.................................................
. LaTeX info: "xparse/redefine-command"
. 
. Redefining command \CJKunderdot with sig. 'om' on line 883.
.................................................
\l__xeCJK_under_symbol_box=\box52
.................................................
. LaTeX info: "xparse/redefine-environment"
. 
. Redefining environment 'CJKfilltwosides' with sig. 'O{c}m' on line 977.
.................................................
\c__xeCJK_filll_skip=\skip57
)
\ccwd=\dimen170
\l__ctex_ccglue_skip=\skip58
)
.................................................
. LaTeX info: "xparse/define-command"
. 
. Defining command \CTEXsetfont with sig. '' on line 525.
.................................................
.................................................
. LaTeX info: "xparse/define-command"
. 
. Defining command \ziju with sig. 'm' on line 597.
.................................................
\l__ctex_ziju_dim=\dimen171
.................................................
. LaTeX info: "xparse/define-command"
. 
. Defining command \CTEXindent with sig. '' on line 638.
.................................................
.................................................
. LaTeX info: "xparse/define-command"
. 
. Defining command \CTEXnoindent with sig. '' on line 644.
.................................................

(/usr/local/texlive/2015/texmf-dist/tex/latex/zhnumber/zhnumber.sty
Package: zhnumber 2014/09/13 v2.1 Typesetting numbers with Chinese glyphs
.................................................
. LaTeX info: "xparse/define-command"
. 
. Defining command \zhnumber with sig. '+o+m' on line 45.
.................................................
.................................................
. LaTeX info: "xparse/define-command"
. 
. Defining command \zhnumberwithoptions with sig. '+m+m' on line 52.
.................................................
.................................................
. LaTeX info: "xparse/define-command"
. 
. Defining command \zhnum with sig. '+o+m' on line 106.
.................................................
.................................................
. LaTeX info: "xparse/define-command"
. 
. Defining command \zhnumwithoptions with sig. '+m+m' on line 113.
.................................................
.................................................
. LaTeX info: "xparse/define-command"
. 
. Defining command \zhdigits with sig. '+s+o+m' on line 289.
.................................................
.................................................
. LaTeX info: "xparse/define-command"
. 
. Defining command \zhdigitswithoptions with sig. '+m+m+m' on line 296.
.................................................
.................................................
. LaTeX info: "xparse/define-command"
. 
. Defining command \zhdate with sig. '+s+m' on line 355.
.................................................
\l__zhnum_scale_int=\count132
.................................................
. LaTeX info: "xparse/define-command"
. 
. Defining command \zhnumExtendScaleMap with sig. '>{\TrimSpaces }+o+m' on
. line 468.
.................................................
.................................................
. LaTeX info: "xparse/define-command"
. 
. Defining command \zhnumsetup with sig. '+m' on line 800.
.................................................

(/usr/local/texlive/2015/texmf-dist/tex/latex/zhnumber/config/zhnumber-utf8.cfg
File: zhnumber-utf8.cfg 2014/09/13 v2.1 Chinese numerals with UTF8 encoding
))
.................................................
. LaTeX info: "xparse/define-command"
. 
. Defining command \CTEXnumber with sig. 'mm' on line 651.
.................................................
.................................................
. LaTeX info: "xparse/define-command"
. 
. Defining command \CTEXdigits with sig. 'mm' on line 653.
.................................................
.................................................
. LaTeX info: "xparse/define-command"
. 
. Defining command \ctex_assign_heading_name:nn with sig. 'm>{\SplitArgument
. {\c_one }{,}}+m' on line 756.
.................................................
.................................................
. LaTeX info: "xparse/redefine-command"
. 
. Redefining command \refstepcounter with sig. 'm' on line 967.
.................................................

(/usr/local/texlive/2015/texmf-dist/tex/latex/ctex/scheme/ctex-scheme-chinese-a
rticle.def
File: ctex-scheme-chinese-article.def 2015/05/16 v2.0.2 Chinese scheme for arti
cle (CTEX)

(/usr/local/texlive/2015/texmf-dist/tex/latex/ctex/config/ctex-name-utf8.cfg
File: ctex-name-utf8.cfg 2015/05/16 v2.0.2 Caption with encoding UTF8 (CTEX)
))
.................................................
. LaTeX info: "xparse/define-command"
. 
. Defining command \zihao with sig. 'm' on line 970.
.................................................
.................................................
. LaTeX info: "xparse/define-command"
. 
. Defining command \CTeX with sig. '' on line 1074.
.................................................

(/usr/local/texlive/2015/texmf-dist/tex/latex/ctex/fontset/ctex-fontset-fandol.
def
File: ctex-fontset-fandol.def 2015/05/16 v2.0.2 Fandol fonts definition (CTEX)

*************************************************
* fontspec warning: "script-not-exist"
* 
* Font 'FandolSong-Regular' does not contain script 'CJK'.
*************************************************
\g__fontspec_family_FandolSong-Regular_int=\count133
.................................................
. fontspec info: "defining-font"
. 
. Font family 'FandolSong-Regular(0)' created for font 'FandolSong-Regular'
. with options
. [Script={CJK},Extension={.otf},BoldFont={FandolSong-Bold},ItalicFont={FandolK
ai-Regular}].
. 
. This font family consists of the following shapes:
. 
. * 'normal' with NFSS spec.:
. <->"[FandolSong-Regular.otf]/OT:"
. 
. * 'small caps' with NFSS spec.:
. 
. and font adjustment code:
. 
. 
. * 'bold' with NFSS spec.:
. <->"[FandolSong-Bold.otf]/OT:"
. 
. * 'bold small caps' with NFSS spec.:
. 
. and font adjustment code:
. 
. 
. * 'italic' with NFSS spec.:
. <->"[FandolKai-Regular.otf]/OT:"
. 
. * 'small caps' with NFSS spec.:
. 
. and font adjustment code:
. 
.................................................
.................................................
. LaTeX info: "xparse/define-command"
. 
. Defining command \songti with sig. '' on line 97.
.................................................
.................................................
. LaTeX info: "xparse/define-command"
. 
. Defining command \heiti with sig. '' on line 98.
.................................................
.................................................
. LaTeX info: "xparse/define-command"
. 
. Defining command \fangsong with sig. '' on line 99.
.................................................
.................................................
. LaTeX info: "xparse/define-command"
. 
. Defining command \kaishu with sig. '' on line 100.
.................................................
)) (/usr/local/texlive/2015/texmf-dist/tex/latex/ctex/config/ctex.cfg
File: ctex.cfg 2015/05/16 v2.0.2 Configuration file (CTEX)
)
(/usr/local/texlive/2015/texmf-dist/tex/latex/base/inputenc.sty
Package: inputenc 2015/03/17 v1.2c Input encoding file
\inpenc@prehook=\toks19
\inpenc@posthook=\toks20


Package inputenc Warning: inputenc package ignored with utf8 based engines.

) (/usr/local/texlive/2015/texmf-dist/tex/latex/base/fontenc.sty
Package: fontenc 2005/09/27 v1.99g Standard LaTeX package

(/usr/local/texlive/2015/texmf-dist/tex/latex/base/t1enc.def
File: t1enc.def 2005/09/27 v1.99g Standard LaTeX file
LaTeX Font Info:    Redeclaring font encoding T1 on input line 48.
)
LaTeX Font Info:    Try loading font information for T1+lmr on input line 105.

(/usr/local/texlive/2015/texmf-dist/tex/latex/lm/t1lmr.fd
File: t1lmr.fd 2009/10/30 v1.6 Font defs for Latin Modern
))
(/usr/local/texlive/2015/texmf-dist/tex/latex/base/fixltx2e.sty
Package: fixltx2e 2015/02/21 v2.0a fixes to LaTeX (obsolete)


Package fixltx2e Warning: fixltx2e is not required with releases after 2015
(fixltx2e)                All fixes are now in the LaTeX kernel.
(fixltx2e)                See the latexrelease package for details.

) (/usr/local/texlive/2015/texmf-dist/tex/latex/tools/longtable.sty
Package: longtable 2014/10/28 v4.11 Multi-page Table package (DPC)
\LTleft=\skip59
\LTright=\skip60
\LTpre=\skip61
\LTpost=\skip62
\LTchunksize=\count134
\LTcapwidth=\dimen172
\LT@head=\box53
\LT@firsthead=\box54
\LT@foot=\box55
\LT@lastfoot=\box56
\LT@cols=\count135
\LT@rows=\count136
\c@LT@tables=\count137
\c@LT@chunks=\count138
\LT@p@ftn=\toks21
)
(/usr/local/texlive/2015/texmf-dist/tex/latex/float/float.sty
Package: float 2001/11/08 v1.3d Float enhancements (AL)
\c@float@type=\count139
\float@exts=\toks22
\float@box=\box57
\@float@everytoks=\toks23
\@floatcapt=\box58
)
(/usr/local/texlive/2015/texmf-dist/tex/latex/wrapfig/wrapfig.sty
\wrapoverhang=\dimen173
\WF@size=\dimen174
\c@WF@wrappedlines=\count140
\WF@box=\box59
\WF@everypar=\toks24
Package: wrapfig 2003/01/31  v 3.6
)
(/usr/local/texlive/2015/texmf-dist/tex/latex/rotating/rotating.sty
Package: rotating 2009/03/28 v2.16a rotated objects in LaTeX

(/usr/local/texlive/2015/texmf-dist/tex/latex/base/ifthen.sty
Package: ifthen 2014/09/29 v1.1c Standard LaTeX ifthen package (DPC)
)
\c@r@tfl@t=\count141
\rotFPtop=\skip63
\rotFPbot=\skip64
\rot@float@box=\box60
\rot@mess@toks=\toks25
)
(/usr/local/texlive/2015/texmf-dist/tex/latex/amsmath/amsmath.sty
Package: amsmath 2013/01/14 v2.14 AMS math features
\@mathmargin=\skip65

For additional information on amsmath, use the `?' option.
(/usr/local/texlive/2015/texmf-dist/tex/latex/amsmath/amstext.sty
Package: amstext 2000/06/29 v2.01

(/usr/local/texlive/2015/texmf-dist/tex/latex/amsmath/amsgen.sty
File: amsgen.sty 1999/11/30 v2.0
\@emptytoks=\toks26
\ex@=\dimen175
))
(/usr/local/texlive/2015/texmf-dist/tex/latex/amsmath/amsbsy.sty
Package: amsbsy 1999/11/29 v1.2d
\pmbraise@=\dimen176
)
(/usr/local/texlive/2015/texmf-dist/tex/latex/amsmath/amsopn.sty
Package: amsopn 1999/12/14 v2.01 operator names
)
\inf@bad=\count142
LaTeX Info: Redefining \frac on input line 210.
\uproot@=\count143
\leftroot@=\count144
LaTeX Info: Redefining \overline on input line 306.
\classnum@=\count145
\DOTSCASE@=\count146
LaTeX Info: Redefining \ldots on input line 378.
LaTeX Info: Redefining \dots on input line 381.
LaTeX Info: Redefining \cdots on input line 466.
\Mathstrutbox@=\box61
\strutbox@=\box62
\big@size=\dimen177
LaTeX Font Info:    Redeclaring font encoding OML on input line 566.
LaTeX Font Info:    Redeclaring font encoding OMS on input line 567.
\macc@depth=\count147
\c@MaxMatrixCols=\count148
\dotsspace@=\muskip17
\c@parentequation=\count149
\dspbrk@lvl=\count150
\tag@help=\toks27
\row@=\count151
\column@=\count152
\maxfields@=\count153
\andhelp@=\toks28
\eqnshift@=\dimen178
\alignsep@=\dimen179
\tagshift@=\dimen180
\tagwidth@=\dimen181
\totwidth@=\dimen182
\lineht@=\dimen183
\@envbody=\toks29
\multlinegap=\skip66
\multlinetaggap=\skip67
\mathdisplay@stack=\toks30
LaTeX Info: Redefining \[ on input line 2665.
LaTeX Info: Redefining \] on input line 2666.
)
(/usr/local/texlive/2015/texmf-dist/tex/latex/base/textcomp.sty
Package: textcomp 2005/09/27 v1.99g Standard LaTeX package
Package textcomp Info: Sub-encoding information:
(textcomp)               5 = only ISO-Adobe without \textcurrency
(textcomp)               4 = 5 + \texteuro
(textcomp)               3 = 4 + \textohm
(textcomp)               2 = 3 + \textestimated + \textcurrency
(textcomp)               1 = TS1 - \textcircled - \t
(textcomp)               0 = TS1 (full)
(textcomp)             Font families with sub-encoding setting implement
(textcomp)             only a restricted character set as indicated.
(textcomp)             Family '?' is the default used for unknown fonts.
(textcomp)             See the documentation for details.
Package textcomp Info: Setting ? sub-encoding to TS1/1 on input line 79.

(/usr/local/texlive/2015/texmf-dist/tex/latex/base/ts1enc.def
File: ts1enc.def 2001/06/05 v3.0e (jk/car/fm) Standard LaTeX file
LaTeX Font Info:    Redeclaring font encoding TS1 on input line 47.
)
LaTeX Info: Redefining \oldstylenums on input line 334.
Package textcomp Info: Setting cmr sub-encoding to TS1/0 on input line 349.
Package textcomp Info: Setting cmss sub-encoding to TS1/0 on input line 350.
Package textcomp Info: Setting cmtt sub-encoding to TS1/0 on input line 351.
Package textcomp Info: Setting cmvtt sub-encoding to TS1/0 on input line 352.
Package textcomp Info: Setting cmbr sub-encoding to TS1/0 on input line 353.
Package textcomp Info: Setting cmtl sub-encoding to TS1/0 on input line 354.
Package textcomp Info: Setting ccr sub-encoding to TS1/0 on input line 355.
Package textcomp Info: Setting ptm sub-encoding to TS1/4 on input line 356.
Package textcomp Info: Setting pcr sub-encoding to TS1/4 on input line 357.
Package textcomp Info: Setting phv sub-encoding to TS1/4 on input line 358.
Package textcomp Info: Setting ppl sub-encoding to TS1/3 on input line 359.
Package textcomp Info: Setting pag sub-encoding to TS1/4 on input line 360.
Package textcomp Info: Setting pbk sub-encoding to TS1/4 on input line 361.
Package textcomp Info: Setting pnc sub-encoding to TS1/4 on input line 362.
Package textcomp Info: Setting pzc sub-encoding to TS1/4 on input line 363.
Package textcomp Info: Setting bch sub-encoding to TS1/4 on input line 364.
Package textcomp Info: Setting put sub-encoding to TS1/5 on input line 365.
Package textcomp Info: Setting uag sub-encoding to TS1/5 on input line 366.
Package textcomp Info: Setting ugq sub-encoding to TS1/5 on input line 367.
Package textcomp Info: Setting ul8 sub-encoding to TS1/4 on input line 368.
Package textcomp Info: Setting ul9 sub-encoding to TS1/4 on input line 369.
Package textcomp Info: Setting augie sub-encoding to TS1/5 on input line 370.
Package textcomp Info: Setting dayrom sub-encoding to TS1/3 on input line 371.
Package textcomp Info: Setting dayroms sub-encoding to TS1/3 on input line 372.

Package textcomp Info: Setting pxr sub-encoding to TS1/0 on input line 373.
Package textcomp Info: Setting pxss sub-encoding to TS1/0 on input line 374.
Package textcomp Info: Setting pxtt sub-encoding to TS1/0 on input line 375.
Package textcomp Info: Setting txr sub-encoding to TS1/0 on input line 376.
Package textcomp Info: Setting txss sub-encoding to TS1/0 on input line 377.
Package textcomp Info: Setting txtt sub-encoding to TS1/0 on input line 378.
Package textcomp Info: Setting lmr sub-encoding to TS1/0 on input line 379.
Package textcomp Info: Setting lmdh sub-encoding to TS1/0 on input line 380.
Package textcomp Info: Setting lmss sub-encoding to TS1/0 on input line 381.
Package textcomp Info: Setting lmssq sub-encoding to TS1/0 on input line 382.
Package textcomp Info: Setting lmvtt sub-encoding to TS1/0 on input line 383.
Package textcomp Info: Setting lmtt sub-encoding to TS1/0 on input line 384.
Package textcomp Info: Setting qhv sub-encoding to TS1/0 on input line 385.
Package textcomp Info: Setting qag sub-encoding to TS1/0 on input line 386.
Package textcomp Info: Setting qbk sub-encoding to TS1/0 on input line 387.
Package textcomp Info: Setting qcr sub-encoding to TS1/0 on input line 388.
Package textcomp Info: Setting qcs sub-encoding to TS1/0 on input line 389.
Package textcomp Info: Setting qpl sub-encoding to TS1/0 on input line 390.
Package textcomp Info: Setting qtm sub-encoding to TS1/0 on input line 391.
Package textcomp Info: Setting qzc sub-encoding to TS1/0 on input line 392.
Package textcomp Info: Setting qhvc sub-encoding to TS1/0 on input line 393.
Package textcomp Info: Setting futs sub-encoding to TS1/4 on input line 394.
Package textcomp Info: Setting futx sub-encoding to TS1/4 on input line 395.
Package textcomp Info: Setting futj sub-encoding to TS1/4 on input line 396.
Package textcomp Info: Setting hlh sub-encoding to TS1/3 on input line 397.
Package textcomp Info: Setting hls sub-encoding to TS1/3 on input line 398.
Package textcomp Info: Setting hlst sub-encoding to TS1/3 on input line 399.
Package textcomp Info: Setting hlct sub-encoding to TS1/5 on input line 400.
Package textcomp Info: Setting hlx sub-encoding to TS1/5 on input line 401.
Package textcomp Info: Setting hlce sub-encoding to TS1/5 on input line 402.
Package textcomp Info: Setting hlcn sub-encoding to TS1/5 on input line 403.
Package textcomp Info: Setting hlcw sub-encoding to TS1/5 on input line 404.
Package textcomp Info: Setting hlcf sub-encoding to TS1/5 on input line 405.
Package textcomp Info: Setting pplx sub-encoding to TS1/3 on input line 406.
Package textcomp Info: Setting pplj sub-encoding to TS1/3 on input line 407.
Package textcomp Info: Setting ptmx sub-encoding to TS1/4 on input line 408.
Package textcomp Info: Setting ptmj sub-encoding to TS1/4 on input line 409.
)
(/usr/local/texlive/2015/texmf-dist/tex/latex/marvosym/marvosym.sty
Package: marvosym 2011/07/20 v2.2 Martin Vogel's Symbols font definitions
)
(/usr/local/texlive/2015/texmf-dist/tex/latex/wasysym/wasysym.sty
Package: wasysym 2003/10/30 v2.0 Wasy-2 symbol support package
\symwasy=\mathgroup4
LaTeX Font Info:    Overwriting symbol font `wasy' in version `bold'
(Font)                  U/wasy/m/n --> U/wasy/b/n on input line 90.
)
(/usr/local/texlive/2015/texmf-dist/tex/latex/amsfonts/amssymb.sty
Package: amssymb 2013/01/14 v3.01 AMS font symbols

(/usr/local/texlive/2015/texmf-dist/tex/latex/amsfonts/amsfonts.sty
Package: amsfonts 2013/01/14 v3.01 Basic AMSFonts support
\symAMSa=\mathgroup5
\symAMSb=\mathgroup6
LaTeX Font Info:    Overwriting math alphabet `\mathfrak' in version `bold'
(Font)                  U/euf/m/n --> U/euf/b/n on input line 106.
))
(/usr/local/texlive/2015/texmf-dist/tex/latex/booktabs/booktabs.sty
Package: booktabs 2005/04/14 v1.61803 publication quality tables
\heavyrulewidth=\dimen184
\lightrulewidth=\dimen185
\cmidrulewidth=\dimen186
\belowrulesep=\dimen187
\belowbottomsep=\dimen188
\aboverulesep=\dimen189
\abovetopsep=\dimen190
\cmidrulesep=\dimen191
\cmidrulekern=\dimen192
\defaultaddspace=\dimen193
\@cmidla=\count154
\@cmidlb=\count155
\@aboverulesep=\dimen194
\@belowrulesep=\dimen195
\@thisruleclass=\count156
\@lastruleclass=\count157
\@thisrulewidth=\dimen196
)
(/usr/local/texlive/2015/texmf-dist/tex/latex/hyperref/hyperref.sty
Package: hyperref 2012/11/06 v6.83m Hypertext links for LaTeX

(/usr/local/texlive/2015/texmf-dist/tex/generic/oberdiek/hobsub-hyperref.sty
Package: hobsub-hyperref 2012/05/28 v1.13 Bundle oberdiek, subset hyperref (HO)


(/usr/local/texlive/2015/texmf-dist/tex/generic/oberdiek/hobsub-generic.sty
Package: hobsub-generic 2012/05/28 v1.13 Bundle oberdiek, subset generic (HO)
Package: hobsub 2012/05/28 v1.13 Construct package bundles (HO)
Package: infwarerr 2010/04/08 v1.3 Providing info/warning/error messages (HO)
Package: ltxcmds 2011/11/09 v1.22 LaTeX kernel commands for general use (HO)
Package: ifluatex 2010/03/01 v1.3 Provides the ifluatex switch (HO)
Package ifluatex Info: LuaTeX not detected.
Package: ifvtex 2010/03/01 v1.5 Detect VTeX and its facilities (HO)
Package ifvtex Info: VTeX not detected.
Package: intcalc 2007/09/27 v1.1 Expandable calculations with integers (HO)
Package hobsub Info: Skipping package `ifpdf' (already loaded).
Package: etexcmds 2011/02/16 v1.5 Avoid name clashes with e-TeX commands (HO)
Package etexcmds Info: Could not find \expanded.
(etexcmds)             That can mean that you are not using pdfTeX 1.50 or
(etexcmds)             that some package has redefined \expanded.
(etexcmds)             In the latter case, load this package earlier.
Package: kvsetkeys 2012/04/25 v1.16 Key value parser (HO)
Package: kvdefinekeys 2011/04/07 v1.3 Define keys (HO)
Package: pdftexcmds 2011/11/29 v0.20 Utility functions of pdfTeX for LuaTeX (HO
)
Package pdftexcmds Info: LuaTeX not detected.
Package pdftexcmds Info: pdfTeX >= 1.30 not detected.
Package pdftexcmds Info: \pdf@primitive is available.
Package pdftexcmds Info: \pdf@ifprimitive is available.
Package pdftexcmds Info: \pdfdraftmode not found.
Package: pdfescape 2011/11/25 v1.13 Implements pdfTeX's escape features (HO)
Package: bigintcalc 2012/04/08 v1.3 Expandable calculations on big integers (HO
)
Package: bitset 2011/01/30 v1.1 Handle bit-vector datatype (HO)
Package: uniquecounter 2011/01/30 v1.2 Provide unlimited unique counter (HO)
)
Package hobsub Info: Skipping package `hobsub' (already loaded).
Package: letltxmacro 2010/09/02 v1.4 Let assignment for LaTeX macros (HO)
Package: hopatch 2012/05/28 v1.2 Wrapper for package hooks (HO)
Package: xcolor-patch 2011/01/30 xcolor patch
Package: atveryend 2011/06/30 v1.8 Hooks at the very end of document (HO)
Package: atbegshi 2011/10/05 v1.16 At begin shipout hook (HO)
Package: refcount 2011/10/16 v3.4 Data extraction from label references (HO)
Package: hycolor 2011/01/30 v1.7 Color options for hyperref/bookmark (HO)
)
(/usr/local/texlive/2015/texmf-dist/tex/generic/ifxetex/ifxetex.sty
Package: ifxetex 2010/09/12 v0.6 Provides ifxetex conditional
)
(/usr/local/texlive/2015/texmf-dist/tex/latex/oberdiek/auxhook.sty
Package: auxhook 2011/03/04 v1.3 Hooks for auxiliary files (HO)
)
(/usr/local/texlive/2015/texmf-dist/tex/latex/oberdiek/kvoptions.sty
Package: kvoptions 2011/06/30 v3.11 Key value format for package options (HO)
)
\@linkdim=\dimen197
\Hy@linkcounter=\count158
\Hy@pagecounter=\count159

(/usr/local/texlive/2015/texmf-dist/tex/latex/hyperref/pd1enc.def
File: pd1enc.def 2012/11/06 v6.83m Hyperref: PDFDocEncoding definition (HO)
)
\Hy@SavedSpaceFactor=\count160

(/usr/local/texlive/2015/texmf-dist/tex/latex/latexconfig/hyperref.cfg
File: hyperref.cfg 2002/06/06 v1.2 hyperref configuration of TeXLive
)
Package hyperref Info: Option `colorlinks' set `true' on input line 4319.
Package hyperref Info: Option `unicode' set `true' on input line 4319.

(/usr/local/texlive/2015/texmf-dist/tex/latex/hyperref/puenc.def
File: puenc.def 2012/11/06 v6.83m Hyperref: PDF Unicode definition (HO)
)
Package hyperref Info: Option `colorlinks' set `true' on input line 4319.
Package hyperref Info: Hyper figures OFF on input line 4443.
Package hyperref Info: Link nesting OFF on input line 4448.
Package hyperref Info: Hyper index ON on input line 4451.
Package hyperref Info: Plain pages OFF on input line 4458.
Package hyperref Info: Backreferencing OFF on input line 4463.
Package hyperref Info: Implicit mode ON; LaTeX internals redefined.
Package hyperref Info: Bookmarks ON on input line 4688.
\c@Hy@tempcnt=\count161

(/usr/local/texlive/2015/texmf-dist/tex/latex/url/url.sty
\Urlmuskip=\muskip18
Package: url 2013/09/16  ver 3.4  Verb mode for urls, etc.
)
LaTeX Info: Redefining \url on input line 5041.
\XeTeXLinkMargin=\dimen198
\Fld@menulength=\count162
\Field@Width=\dimen199
\Fld@charsize=\dimen200
Package hyperref Info: Hyper figures OFF on input line 6295.
Package hyperref Info: Link nesting OFF on input line 6300.
Package hyperref Info: Hyper index ON on input line 6303.
Package hyperref Info: backreferencing OFF on input line 6310.
Package hyperref Info: Link coloring ON on input line 6313.
Package hyperref Info: Link coloring with OCG OFF on input line 6320.
Package hyperref Info: PDF/A mode OFF on input line 6325.
LaTeX Info: Redefining \ref on input line 6365.
LaTeX Info: Redefining \pageref on input line 6369.
\Hy@abspage=\count163
\c@Item=\count164
\c@Hfootnote=\count165
)

Package hyperref Message: Driver (autodetected): hxetex.

(/usr/local/texlive/2015/texmf-dist/tex/latex/hyperref/hxetex.def
File: hxetex.def 2012/11/06 v6.83m Hyperref driver for XeTeX

(/usr/local/texlive/2015/texmf-dist/tex/generic/oberdiek/stringenc.sty
Package: stringenc 2011/12/02 v1.10 Convert strings between diff. encodings (HO
)
)
\pdfm@box=\box63
\c@Hy@AnnotLevel=\count166
\HyField@AnnotCount=\count167
\Fld@listcount=\count168
\c@bookmark@seq@number=\count169

(/usr/local/texlive/2015/texmf-dist/tex/latex/oberdiek/rerunfilecheck.sty
Package: rerunfilecheck 2011/04/15 v1.7 Rerun checks for auxiliary files (HO)
Package rerunfilecheck Info: Feature \pdfmdfivesum is not available
(rerunfilecheck)             (e.g. pdfTeX or LuaTeX with package `pdftexcmds').

(rerunfilecheck)             Therefore file contents cannot be checked efficien
tly
(rerunfilecheck)             and the loading of the package is aborted.
)
\Hy@SectionHShift=\skip68
)
(/usr/local/texlive/2015/texmf-dist/tex/latex/listings/listings.sty
\lst@mode=\count170
\lst@gtempboxa=\box64
\lst@token=\toks31
\lst@length=\count171
\lst@currlwidth=\dimen201
\lst@column=\count172
\lst@pos=\count173
\lst@lostspace=\dimen202
\lst@width=\dimen203
\lst@newlines=\count174
\lst@lineno=\count175
\lst@maxwidth=\dimen204

(/usr/local/texlive/2015/texmf-dist/tex/latex/listings/lstmisc.sty
File: lstmisc.sty 2014/09/06 1.5e (Carsten Heinz)
\c@lstnumber=\count176
\lst@skipnumbers=\count177
\lst@framebox=\box65
)
(/usr/local/texlive/2015/texmf-dist/tex/latex/listings/listings.cfg
File: listings.cfg 2014/09/06 1.5e listings configuration
))
Package: listings 2014/09/06 1.5e (Carsten Heinz)

(/usr/local/texlive/2015/texmf-dist/tex/latex/xcolor/xcolor.sty
Package: xcolor 2007/01/21 v2.11 LaTeX color extensions (UK)

(/usr/local/texlive/2015/texmf-dist/tex/latex/latexconfig/color.cfg
File: color.cfg 2007/01/18 v1.5 color configuration of teTeX/TeXLive
)
Package xcolor Info: Driver file: xetex.def on input line 225.
Package xcolor Info: Model `cmy' substituted by `cmy0' on input line 1337.
Package xcolor Info: Model `RGB' extended on input line 1353.
Package xcolor Info: Model `HTML' substituted by `rgb' on input line 1355.
Package xcolor Info: Model `Hsb' substituted by `hsb' on input line 1356.
Package xcolor Info: Model `tHsb' substituted by `hsb' on input line 1357.
Package xcolor Info: Model `HSB' substituted by `hsb' on input line 1358.
Package xcolor Info: Model `Gray' substituted by `gray' on input line 1359.
Package xcolor Info: Model `wave' substituted by `hsb' on input line 1360.
)
(/usr/local/texlive/2015/texmf-dist/tex/xelatex/xecjk/xeCJK-listings.sty
Package: xeCJK-listings 2015/05/15 v3.3.2 xeCJK patch file for listings
\l__xeCJK_listings_max_char_int=\count178
\l__xeCJK_listings_flag_int=\count179
)
No file _region_.aux.
LaTeX Font Info:    Checking defaults for OML/cmm/m/it on input line 50.
LaTeX Font Info:    ... okay on input line 50.
LaTeX Font Info:    Checking defaults for T1/cmr/m/n on input line 50.
LaTeX Font Info:    ... okay on input line 50.
LaTeX Font Info:    Checking defaults for OT1/cmr/m/n on input line 50.
LaTeX Font Info:    ... okay on input line 50.
LaTeX Font Info:    Checking defaults for OMS/cmsy/m/n on input line 50.
LaTeX Font Info:    ... okay on input line 50.
LaTeX Font Info:    Checking defaults for OMX/cmex/m/n on input line 50.
LaTeX Font Info:    ... okay on input line 50.
LaTeX Font Info:    Checking defaults for U/cmr/m/n on input line 50.
LaTeX Font Info:    ... okay on input line 50.
LaTeX Font Info:    Checking defaults for TS1/cmr/m/n on input line 50.
LaTeX Font Info:    ... okay on input line 50.
LaTeX Font Info:    Checking defaults for EU1/lmr/m/n on input line 50.
LaTeX Font Info:    ... okay on input line 50.
LaTeX Font Info:    Checking defaults for T3/cmr/m/n on input line 50.
LaTeX Font Info:    Try loading font information for T3+cmr on input line 50.
(/usr/local/texlive/2015/texmf-dist/tex/latex/tipa/t3cmr.fd
File: t3cmr.fd 2001/12/31 TIPA font definitions
)
LaTeX Font Info:    ... okay on input line 50.
LaTeX Font Info:    Checking defaults for PD1/pdf/m/n on input line 50.
LaTeX Font Info:    ... okay on input line 50.
LaTeX Font Info:    Checking defaults for PU/pdf/m/n on input line 50.
LaTeX Font Info:    ... okay on input line 50.

(/Users/mac/.emacs.d/elpa/auctex-11.89.5/latex/preview.sty
Package: preview 2010/02/14 11.89 (AUCTeX/preview-latex)

(/Users/mac/.emacs.d/elpa/auctex-11.89.5/latex/prtightpage.def
\PreviewBorder=\dimen205
)
(/Users/mac/.emacs.d/elpa/auctex-11.89.5/latex/prauctex.def
No auxiliary output files.


\hbadness=\count180
\hfuzz=\dimen206
(/Users/mac/.emacs.d/elpa/auctex-11.89.5/latex/prauctex.cfg))
(/Users/mac/.emacs.d/elpa/auctex-11.89.5/latex/prfootnotes.def)
\pr@snippet=\count181
\pr@box=\box66
\pr@output=\toks32

Preview: Fontsize 10.95pt
Preview: PDFoutput 1
) ABD: EverySelectfont initializing macros
LaTeX Info: Redefining \selectfont on input line 50.

*** you should *not* be loading the inputenc package
*** XeTeX expects the source to be in UTF8 encoding
*** some features of other encodings may conflict, resulting in poor output.
.................................................
. fontspec info: "setup-math"
. 
. Adjusting the maths setup (use [no-math] to avoid this).
.................................................
\symlegacymaths=\mathgroup7
LaTeX Font Info:    Overwriting symbol font `legacymaths' in version `bold'
(Font)                  OT1/cmr/m/n --> OT1/cmr/bx/n on input line 50.
LaTeX Font Info:    Redeclaring math accent \acute on input line 50.
LaTeX Font Info:    Redeclaring math accent \grave on input line 50.
LaTeX Font Info:    Redeclaring math accent \ddot on input line 50.
LaTeX Font Info:    Redeclaring math accent \tilde on input line 50.
LaTeX Font Info:    Redeclaring math accent \bar on input line 50.
LaTeX Font Info:    Redeclaring math accent \breve on input line 50.
LaTeX Font Info:    Redeclaring math accent \check on input line 50.
LaTeX Font Info:    Redeclaring math accent \hat on input line 50.
LaTeX Font Info:    Redeclaring math accent \dot on input line 50.
LaTeX Font Info:    Redeclaring math accent \mathring on input line 50.
LaTeX Font Info:    Redeclaring math symbol \Gamma on input line 50.
LaTeX Font Info:    Redeclaring math symbol \Delta on input line 50.
LaTeX Font Info:    Redeclaring math symbol \Theta on input line 50.
LaTeX Font Info:    Redeclaring math symbol \Lambda on input line 50.
LaTeX Font Info:    Redeclaring math symbol \Xi on input line 50.
LaTeX Font Info:    Redeclaring math symbol \Pi on input line 50.
LaTeX Font Info:    Redeclaring math symbol \Sigma on input line 50.
LaTeX Font Info:    Redeclaring math symbol \Upsilon on input line 50.
LaTeX Font Info:    Redeclaring math symbol \Phi on input line 50.
LaTeX Font Info:    Redeclaring math symbol \Psi on input line 50.
LaTeX Font Info:    Redeclaring math symbol \Omega on input line 50.
LaTeX Font Info:    Redeclaring math symbol \mathdollar on input line 50.
LaTeX Font Info:    Redeclaring symbol font `operators' on input line 50.
LaTeX Font Info:    Encoding `OT1' has changed to `EU1' for symbol font
(Font)              `operators' in the math version `normal' on input line 50.
LaTeX Font Info:    Overwriting symbol font `operators' in version `normal'
(Font)                  OT1/cmr/m/n --> EU1/lmr/m/n on input line 50.
LaTeX Font Info:    Encoding `OT1' has changed to `EU1' for symbol font
(Font)              `operators' in the math version `bold' on input line 50.
LaTeX Font Info:    Overwriting symbol font `operators' in version `bold'
(Font)                  OT1/cmr/bx/n --> EU1/lmr/m/n on input line 50.
LaTeX Font Info:    Overwriting symbol font `operators' in version `normal'
(Font)                  EU1/lmr/m/n --> EU1/lmr/m/n on input line 50.
LaTeX Font Info:    Overwriting math alphabet `\mathit' in version `normal'
(Font)                  OT1/cmr/m/it --> EU1/lmr/m/it on input line 50.
LaTeX Font Info:    Overwriting math alphabet `\mathbf' in version `normal'
(Font)                  OT1/cmr/bx/n --> EU1/lmr/bx/n on input line 50.
LaTeX Font Info:    Overwriting math alphabet `\mathsf' in version `normal'
(Font)                  OT1/cmss/m/n --> EU1/lmss/m/n on input line 50.
LaTeX Font Info:    Overwriting math alphabet `\mathtt' in version `normal'
(Font)                  OT1/cmtt/m/n --> EU1/lmtt/m/n on input line 50.
LaTeX Font Info:    Overwriting symbol font `operators' in version `bold'
(Font)                  EU1/lmr/m/n --> EU1/lmr/bx/n on input line 50.
LaTeX Font Info:    Overwriting math alphabet `\mathit' in version `bold'
(Font)                  OT1/cmr/bx/it --> EU1/lmr/bx/it on input line 50.
LaTeX Font Info:    Overwriting math alphabet `\mathsf' in version `bold'
(Font)                  OT1/cmss/bx/n --> EU1/lmss/bx/n on input line 50.
LaTeX Font Info:    Overwriting math alphabet `\mathtt' in version `bold'
(Font)                  OT1/cmtt/m/n --> EU1/lmtt/bx/n on input line 50.
\AtBeginShipoutBox=\box67
Package hyperref Info: Link coloring ON on input line 50.
(/usr/local/texlive/2015/texmf-dist/tex/latex/hyperref/nameref.sty
Package: nameref 2012/10/27 v2.43 Cross-referencing by name of section

(/usr/local/texlive/2015/texmf-dist/tex/generic/oberdiek/gettitlestring.sty
Package: gettitlestring 2010/12/03 v1.4 Cleanup title references (HO)
)
\c@section@level=\count182
)
LaTeX Info: Redefining \ref on input line 50.
LaTeX Info: Redefining \pageref on input line 50.
LaTeX Info: Redefining \nameref on input line 50.


Package hyperref Warning: Rerun to get /PageLabels entry.

\c@lstlisting=\count183
 !name(ruby.tex) !offset(-3) 
./_region_.tex:55: Preview: Snippet 1 started.
<-><->
      
l.55 \tableofcontents
                     
Not a real error.

Preview: Tightpage -32891 -32891 32891 32891
./_region_.tex:55: Preview: Snippet 1 ended.(704014+137782x23592960).
<-><->
      
l.55 \tableofcontents
                     
Not a real error.

[1]
LaTeX Font Info:    Try loading font information for TS1+lmr on input line 71.
 (/usr/local/texlive/2015/texmf-dist/tex/latex/lm/ts1lmr.fd
File: ts1lmr.fd 2009/10/30 v1.6 Font defs for Latin Modern
)
./_region_.tex:189: Preview: Snippet 2 started.
<-><->
      
l.189 \section
              {{\bfseries\sffamily DONE}  Ruby}
Not a real error.

*************************************************
* fontspec warning: "script-not-exist"
* 
* Font 'FandolHei-Regular' does not contain script 'CJK'.
*************************************************
\g__fontspec_family_FandolHei-Regular_int=\count184
LaTeX Font Info:    Try loading font information for T1+lmss on input line 189.

(/usr/local/texlive/2015/texmf-dist/tex/latex/lm/t1lmss.fd
File: t1lmss.fd 2009/10/30 v1.6 Font defs for Latin Modern
)
.................................................
. fontspec info: "defining-font"
. 
. Font family 'FandolHei-Regular(0)' created for font 'FandolHei-Regular' with
. options [Script={CJK},Extension={.otf},BoldFont={FandolHei-Bold}].
. 
. This font family consists of the following shapes:
. 
. * 'normal' with NFSS spec.:
. <->"[FandolHei-Regular.otf]/OT:"
. 
. * 'small caps' with NFSS spec.:
. 
. and font adjustment code:
. 
. 
. * 'bold' with NFSS spec.:
. <->"[FandolHei-Bold.otf]/OT:"
. 
. * 'bold small caps' with NFSS spec.:
. 
. and font adjustment code:
. 
.................................................

./_region_.tex:189: Preview: Snippet 2 ended.(721001+183500x23592960).
<-><->
      
l.189 ...y DONE}  Ruby}
                                                  
Not a real error.

[2

]
./_region_.tex:191: Preview: Snippet 3 started.
<-><->
      
l.191 \subsection
                 {1.1 Ruby}
Not a real error.

./_region_.tex:191: Preview: Snippet 3 ended.(600834+152916x23592960).
<-><->
      
l.191 \subsection{1.1 Ruby}
                                             
Not a real error.

[3

]
./_region_.tex:211: Preview: Snippet 4 started.
<-><->
      
l.211 ...\footnote
                                                  {...

Not a real error.

LaTeX Font Info:    Try loading font information for U+wasy on input line 211.
(/usr/local/texlive/2015/texmf-dist/tex/latex/wasysym/uwasy.fd
File: uwasy.fd 2003/10/30 v2.0 Wasy-2 symbol font definitions
)
LaTeX Font Info:    Try loading font information for U+msa on input line 211.

(/usr/local/texlive/2015/texmf-dist/tex/latex/amsfonts/umsa.fd
File: umsa.fd 2013/01/14 v3.01 AMS symbols A
)
LaTeX Font Info:    Try loading font information for U+msb on input line 211.

(/usr/local/texlive/2015/texmf-dist/tex/latex/amsfonts/umsb.fd
File: umsb.fd 2013/01/14 v3.01 AMS symbols B
)
./_region_.tex:211: Preview: Snippet 4 ended.(598289+0x311296).
<-><->
      
l.211 ...}
                                                  ...

Not a real error.

[4]
./_region_.tex:223: Preview: Snippet 5 started.
<-><->
      
l.223 \subsubsection
                    {1.1.1 }
Not a real error.

./_region_.tex:223: Preview: Snippet 5 ended.(550414+118406x23592960).
<-><->
      
l.223 ...ubsection{1.1.1 }
                                                  
Not a real error.

[5

]
./_region_.tex:254: Preview: Snippet 6 started.
<-><->
      
l.254 \subsubsection
                    {1.1.2 Ruby}
Not a real error.

./_region_.tex:254: Preview: Snippet 6 ended.(538932+139535x23592960).
<-><->
      
l.254 \subsubsection{1.1.2 Ruby}
                                         
Not a real error.

[6

]
./_region_.tex:281: Preview: Snippet 7 started.
<-><->
      
l.281 \subsubsection
                    {1.1.3 }
Not a real error.

./_region_.tex:281: Preview: Snippet 7 ended.(552567+124147x23592960).
<-><->
      
l.281 \subsubsection{1.1.3 }
                                     
Not a real error.

[7

]
./_region_.tex:285: Preview: Snippet 8 started.
<-><->
      
l.285 ...\footnote
                                                  {Paul Graham ...

Not a real error.

./_region_.tex:287: Preview: Snippet 8 ended.(598289+0x311296).
<-><->
      
l.287 ...}
                                                  
Not a real error.

[8] (/usr/local/texlive/2015/texmf-dist/tex/latex/listings/lstlang1.sty
File: lstlang1.sty 2014/09/06 1.5e listings language file
)
(/usr/local/texlive/2015/texmf-dist/tex/latex/listings/lstlang2.sty
File: lstlang2.sty 2014/09/06 1.5e listings language file
)
(/usr/local/texlive/2015/texmf-dist/tex/latex/listings/lstlang3.sty
File: lstlang3.sty 2014/09/06 1.5e listings language file
)

./_region_.tex:317: Package Listings Error: Couldn't load requested language.

See the Listings package documentation for explanation.
Type  H <return>  for immediate help.
 ...                                              
                                                  
l.317 ...el= ,caption= ,captionpos=b,numbers=none}
                                                  
The following languages weren't loadable:
    ,org$
This may cause errors in the sequel.


./_region_.tex:317: Package Listings Error: language org undefined.

See the Listings package documentation for explanation.
Type  H <return>  for immediate help.
 ...                                              
                                                  
l.317 ...el= ,caption= ,captionpos=b,numbers=none}
                                                  
The language is not loadable. Try typing  <return>  to proceed.
If that doesn't work, type  X <return>  to quit.

(/usr/local/texlive/2015/texmf-dist/tex/latex/listings/lstlang1.sty
File: lstlang1.sty 2014/09/06 1.5e listings language file
)
(/usr/local/texlive/2015/texmf-dist/tex/latex/listings/lstlang2.sty
File: lstlang2.sty 2014/09/06 1.5e listings language file
)
(/usr/local/texlive/2015/texmf-dist/tex/latex/listings/lstlang3.sty
File: lstlang3.sty 2014/09/06 1.5e listings language file
)

./_region_.tex:334: Package Listings Error: Couldn't load requested language.

See the Listings package documentation for explanation.
Type  H <return>  for immediate help.
 ...                                              
                                                  
l.334 ...el= ,caption= ,captionpos=b,numbers=none}
                                                  
The following languages weren't loadable:
    ,org$
This may cause errors in the sequel.


./_region_.tex:334: Package Listings Error: language org undefined.

See the Listings package documentation for explanation.
Type  H <return>  for immediate help.
 ...                                              
                                                  
l.334 ...el= ,caption= ,captionpos=b,numbers=none}
                                                  
The language is not loadable. Try typing  <return>  to proceed.
If that doesn't work, type  X <return>  to quit.

./_region_.tex:352: Preview: Snippet 9 started.
<-><->
      
l.352 \subsubsection
                    {1.1.4 }
Not a real error.

./_region_.tex:352: Preview: Snippet 9 ended.(546108+116971x23592960).
<-><->
      
l.352 \subsubsection{1.1.4 }
                                     
Not a real error.

[9

]
./_region_.tex:401: Preview: Snippet 10 started.
<-><->
      
l.401 \subsubsection
                    {1.1.5 }
Not a real error.

./_region_.tex:401: Preview: Snippet 10 ended.(553284+115536x23592960).
<-><->
      
l.401 \subsubsection{1.1.5 }
                                     
Not a real error.

[10

]
./_region_.tex:439: Preview: Snippet 11 started.
<-><->
      
l.439 \subsubsection
                    {1.1.6 }
Not a real error.

./_region_.tex:439: Preview: Snippet 11 ended.(553284+117689x23592960).
<-><->
      
l.439 \subsubsection{1.1.6 }
                                              
Not a real error.

[11

]
./_region_.tex:460: Preview: Snippet 12 started.
<-><->
      
l.460 \section
              { }
Not a real error.

./_region_.tex:460: Preview: Snippet 12 ended.(727607+168925x23592960).
<-><->
      
l.460 \section{ }
                                      
Not a real error.

[12

]
./_region_.tex:463: Preview: Snippet 13 started.
<-><->
      
l.463 \subsection
                 {2.1 }
Not a real error.

./_region_.tex:463: Preview: Snippet 13 ended.(606339+130547x23592960).
<-><->
      
l.463 ...ction{2.1 }
                                                  
Not a real error.

[13

]
./_region_.tex:477: Preview: Snippet 14 started.
<-><->
      
l.477 \subsubsection
                    {2.1.1 }
Not a real error.

./_region_.tex:477: Preview: Snippet 14 ended.(548979+119124x23592960).
<-><->
      
l.477 \subsubsection{2.1.1 }
                                           
Not a real error.

[14

]
*************************************************
* fontspec warning: "script-not-exist"
* 
* Font 'FandolFang-Regular' does not contain script 'CJK'.
*************************************************
\g__fontspec_family_FandolFang-Regular_int=\count185
LaTeX Font Info:    Try loading font information for T1+lmtt on input line 514.

(/usr/local/texlive/2015/texmf-dist/tex/latex/lm/t1lmtt.fd
File: t1lmtt.fd 2009/10/30 v1.6 Font defs for Latin Modern
)
.................................................
. fontspec info: "defining-font"
. 
. Font family 'FandolFang-Regular(0)' created for font 'FandolFang-Regular'
. with options [Script={CJK},Extension={.otf},AutoFakeBold={4}].
. 
. This font family consists of the following shapes:
. 
. * 'normal' with NFSS spec.:
. <->"[FandolFang-Regular.otf]/OT:"
. 
. * 'small caps' with NFSS spec.:
. 
. and font adjustment code:
. 
. 
. * 'bold' with NFSS spec.:
. <->"[FandolFang-Regular.otf]/OT:embolden=4;"
. 
. * 'bold small caps' with NFSS spec.:
. 
. and font adjustment code:
. 
.................................................

./_region_.tex:533: Preview: Snippet 15 started.
<-><->
      
l.533 \subsubsection
                    {2.1.2 }
Not a real error.

./_region_.tex:533: Preview: Snippet 15 ended.(548261+125582x23592960).
<-><->
      
l.533 ...ubsection{2.1.2 }
                                                  
Not a real error.

[15

]
./_region_.tex:542: Preview: Snippet 16 started.
<-><->
      
l.542 ...\footnote
                                                  {...

Not a real error.

./_region_.tex:544: Preview: Snippet 16 ended.(598289+0x311296).
<-><->
      
l.544 .(Alan Turing)}
                                                ...

Not a real error.

[16]
./_region_.tex:563: Preview: Snippet 17 started.
<-><->
      
l.563 ...Ruby\footnote
                                                  { MacOS X10.5...

Not a real error.

./_region_.tex:563: Preview: Snippet 17 ended.(598289+0x311296).
<-><->
      
l.563 ...OS X10.5 Ruby 1.8.6}
                                                  C...

Not a real error.

[17]
./_region_.tex:565: Preview: Snippet 18 started.
<-><->
      
l.565 \subsubsection
                    {2.1.3 }
Not a real error.

./_region_.tex:565: Preview: Snippet 18 ended.(548261+124865x23592960).
<-><->
      
l.565 \subsubsection{2.1.3 }
                                           
Not a real error.

[18

]
./_region_.tex:577: Preview: Snippet 19 started.
<-><->
      
l.577 ...\footnote
                                                  {Algorithms + Data Structu...

Not a real error.

./_region_.tex:578: Preview: Snippet 19 ended.(598289+0x311296).
<-><->
      
l.578 ...Pascal }
                                                  
Not a real error.

[19]
./_region_.tex:581: Preview: Snippet 20 started.
<-><->
      
l.581 ...23\footnote
                                                  {...

Not a real error.

./_region_.tex:582: Preview: Snippet 20 ended.(598289+0x311296).
<-><->
      
l.582 }
             
Not a real error.

[20]
./_region_.tex:588: Preview: Snippet 21 started.
<-><->
      
l.588 \subsubsection
                    {2.1.3 }
Not a real error.

./_region_.tex:588: Preview: Snippet 21 ended.(553284+119124x23592960).
<-><->
      
l.588 ...ection{2.1.3 }
                                                  
Not a real error.

[21

]
./_region_.tex:604: Preview: Snippet 22 started.
<-><->
      
l.604 \subsubsection
                    {2.1.5 }
Not a real error.

./_region_.tex:604: Preview: Snippet 22 ended.(553284+119124x23592960).
<-><->
      
l.604 \subsubsection{2.1.5 }
                                                 
Not a real error.

[22

]
./_region_.tex:625: Preview: Snippet 23 started.
<-><->
      
l.625 \subsubsection
                    {2.1.6 }
Not a real error.

./_region_.tex:625: Preview: Snippet 23 ended.(545390+111948x23592960).
<-><->
      
l.625 \subsubsection{2.1.6 }
                                     
Not a real error.

[23

]
Package atveryend Info: Empty hook `BeforeClearDocument' on input line 645.
Package atveryend Info: Empty hook `AfterLastShipout' on input line 645.
Package atveryend Info: Empty hook `AtVeryEndDocument' on input line 645.
Package atveryend Info: Empty hook `AtEndAfterFileList' on input line 645.
 ) 
Here is how much of TeX's memory you used:
 29544 strings out of 493706
 569677 string characters out of 6145769
 609065 words of memory out of 5000000
 32534 multiletter control sequences out of 15000+600000
 48382 words of font info for 83 fonts, out of 8000000 for 9000
 1328 hyphenation exceptions out of 8191
 63i,10n,76p,10702b,905s stack positions out of 5000i,500n,10000p,200000b,80000s

Output written on _region_.pdf (23 pages).
