\BOOKMARK [0][]{chapter.1}{\376\377\0001\000\040\000E\000l\000e\000g\000a\000n\000t\000L\000a\000T\000e\000X\000\040\174\373\122\027\152\041\147\177\116\313\176\315}{}% 1
\BOOKMARK [1][]{section.1.1}{\376\377\0001\000.\0001\000\040\000E\000l\000e\000g\000a\000n\000t\000B\000o\000o\000k\000\040\146\364\145\260\213\364\146\016}{chapter.1}% 2
\BOOKMARK [1][]{section.1.2}{\376\377\0001\000.\0002\000\040\152\041\147\177\133\211\210\305\116\016\146\364\145\260}{chapter.1}% 3
\BOOKMARK [1][]{section.1.3}{\376\377\0001\000.\0003\000\040\127\050\176\277\117\177\165\050\152\041\147\177}{chapter.1}% 4
\BOOKMARK [1][]{section.1.4}{\376\377\0001\000.\0004\000\040\165\050\142\067\117\134\124\301\213\241\122\022}{chapter.1}% 5
\BOOKMARK [1][]{section.1.5}{\376\377\0001\000.\0005\000\040\121\163\116\216\143\320\116\244}{chapter.1}% 6
\BOOKMARK [1][]{section.1.6}{\376\377\0001\000.\0006\000\040\123\117\117\134\116\272\124\130\142\333\122\337}{chapter.1}% 7
\BOOKMARK [1][]{section.1.7}{\376\377\0001\000.\0007\000\040\201\364\214\042}{chapter.1}% 8
\BOOKMARK [0][]{chapter.2}{\376\377\0002\000\040\000E\000l\000e\000g\000a\000n\000t\000B\000o\000o\000k\000\040\213\276\177\156\213\364\146\016}{}% 9
\BOOKMARK [1][]{section.2.1}{\376\377\0002\000.\0001\000\040\213\355\212\000\152\041\137\017}{chapter.2}% 10
\BOOKMARK [1][]{section.2.2}{\376\377\0002\000.\0002\000\040\213\276\131\007\220\011\230\171}{chapter.2}% 11
\BOOKMARK [1][]{section.2.3}{\376\377\0002\000.\0003\000\040\230\234\202\162\116\073\230\230}{chapter.2}% 12
\BOOKMARK [1][]{section.2.4}{\376\377\0002\000.\0004\000\040\172\340\150\007\230\230\146\076\171\072\230\316\150\074}{chapter.2}% 13
\BOOKMARK [1][]{section.2.5}{\376\377\0002\000.\0005\000\040\145\160\133\146\163\257\130\203\173\200\116\313}{chapter.2}% 14
\BOOKMARK [1][]{section.2.6}{\376\377\0002\000.\0006\000\040\210\305\231\160\162\151}{chapter.2}% 15
\BOOKMARK [1][]{section.2.7}{\376\377\0002\000.\0007\000\040\134\001\227\142\124\214\137\275\150\007}{chapter.2}% 16
\BOOKMARK [1][]{section.2.8}{\376\377\0002\000.\0008\000\040\122\027\210\150\163\257\130\203}{chapter.2}% 17
\BOOKMARK [1][]{section.2.9}{\376\377\0002\000.\0009\000\040\123\302\200\003\145\207\163\056}{chapter.2}% 18
\BOOKMARK [1][]{section.2.10}{\376\377\0002\000.\0001\0000\000\040\155\373\122\240\136\217\172\340}{chapter.2}% 19
\BOOKMARK [1][]{section.2.11}{\376\377\0002\000.\0001\0001\000\040\172\340\202\202\144\130\211\201}{chapter.2}% 20
\BOOKMARK [1][]{section.2.12}{\376\377\0002\000.\0001\0002\000\040\172\340\124\016\116\140\230\230}{chapter.2}% 21
\BOOKMARK [0][]{chapter.3}{\376\377\0003\000\040\000E\000l\000e\000g\000a\000n\000t\000B\000o\000o\000k\000\040\121\231\117\134\171\072\117\213}{}% 22
\BOOKMARK [1][]{section.3.1}{\376\377\0003\000.\0001\000\040\000L\000e\000b\000e\000s\000g\000u\000e\000\040\171\357\122\006}{chapter.3}% 23
\BOOKMARK [0][]{chapter.4}{\376\377\0004\000\040\145\301\154\350}{}% 24
\BOOKMARK [0][]{chapter.5}{\376\377\0005\000\040\136\070\211\301\225\356\230\230\226\306}{}% 25
\BOOKMARK [0][]{appendix.A}{\376\377\000A\000\040\127\372\147\054\145\160\133\146\135\345\121\167}{}% 26
\BOOKMARK [1][]{section.A.1}{\376\377\000A\000.\0001\000\040\154\102\124\214\173\227\133\120\116\016\143\317\217\360\176\337\213\241\221\317}{appendix.A}% 27
\BOOKMARK [0][]{appendix.B}{\376\377\000B\000\040\147\000\134\017\171\072\117\213}{}% 28
