\BOOKMARK [0][]{chapter.1}{1\040TODO\040eating}{}% 1
\BOOKMARK [1][]{section.1.1}{1.1\040STARTED\040breakfast}{chapter.1}% 2
\BOOKMARK [2][]{subsection.1.1.1}{1.1.1\040DONE\040<2017-06-01\040Thu\04007:26>}{section.1.1}% 3
\BOOKMARK [2][]{subsection.1.1.2}{1.1.2\040DONE\040<2017-06-02\040Fri\04007:07>breakfast}{section.1.1}% 4
\BOOKMARK [2][]{subsection.1.1.3}{1.1.3\040DONE\040<2017-06-03\040Sat\04006:24>breakfast}{section.1.1}% 5
\BOOKMARK [2][]{subsection.1.1.4}{1.1.4\040DONE\040<2017-06-04\040Sun\04006:44>breakfast}{section.1.1}% 6
\BOOKMARK [2][]{subsection.1.1.5}{1.1.5\040DONE\040<2017-06-05\040Mon\04005:34>breakfast}{section.1.1}% 7
\BOOKMARK [2][]{subsection.1.1.6}{1.1.6\040DONE\040<2017-06-06\040Tue\04007:06>breakfast}{section.1.1}% 8
\BOOKMARK [2][]{subsection.1.1.7}{1.1.7\040DONE\040:breakfast:}{section.1.1}% 9
\BOOKMARK [1][]{section.1.2}{1.2\040TODO\040lunch}{chapter.1}% 10
\BOOKMARK [2][]{subsection.1.2.1}{1.2.1\040DONE\040<2017-06-04\040Sun\04012:13>lunch}{section.1.2}% 11
\BOOKMARK [2][]{subsection.1.2.2}{1.2.2\040DONE\040<2017-06-05\040Mon\04011:44>lunch}{section.1.2}% 12
\BOOKMARK [2][]{subsection.1.2.3}{1.2.3\040DONE\040<2017-10-23\040Mon\04011:41>lunch}{section.1.2}% 13
\BOOKMARK [1][]{section.1.3}{1.3\040TODO\040dinner}{chapter.1}% 14
\BOOKMARK [2][]{subsection.1.3.1}{1.3.1\040DONE\040<2017-06-01\040Thu\04016:45>dinner}{section.1.3}% 15
\BOOKMARK [2][]{subsection.1.3.2}{1.3.2\040DONE\040<2017-06-02\040Fri\04017:30>}{section.1.3}% 16
\BOOKMARK [2][]{subsection.1.3.3}{1.3.3\040DONE\040<2017-06-05\040Mon\04018:02>dinner}{section.1.3}% 17
\BOOKMARK [2][]{subsection.1.3.4}{1.3.4\040TODO\040<2017-10-23\040Mon\04017:33>dinner}{section.1.3}% 18
\BOOKMARK [1][]{section.1.4}{1.4\040DONE\040to\040havee\040dinner<2017-05-02\040Tue\04017:31>}{chapter.1}% 19
\BOOKMARK [1][]{section.1.5}{1.5\040DONE\040to\040have\040dinner<2017-05-03\040Wed\04016:26>}{chapter.1}% 20
\BOOKMARK [1][]{section.1.6}{1.6\040DONE\040to\040have\040dinner<2017-05-05\040Fri\04018:04>}{chapter.1}% 21
\BOOKMARK [1][]{section.1.7}{1.7\040DONE\040to\040have\040dinner<2017-05-06\040Sat\04017:05>}{chapter.1}% 22
\BOOKMARK [1][]{section.1.8}{1.8\040DONE\040make\040tea<2017-05-08\040Mon\04014:53>}{chapter.1}% 23
\BOOKMARK [1][]{section.1.9}{1.9\040DONE\040to\040have\040dinner<2017-05-08\040Mon\04016:59>}{chapter.1}% 24
\BOOKMARK [1][]{section.1.10}{1.10\040DONE\040to\040have\040dinner<2017-05-09\040Tue\04018:06>}{chapter.1}% 25
\BOOKMARK [1][]{section.1.11}{1.11\040DONE\040to\040have\040dinner<2017-05-10\040Wed\04018:00>}{chapter.1}% 26
\BOOKMARK [1][]{section.1.12}{1.12\040DONE\040to\040have\040dinner<2017-05-11\040Thu\04016:48>}{chapter.1}% 27
\BOOKMARK [1][]{section.1.13}{1.13\040DONE\040to\040have\040dinner<2017-05-12\040Fri\04017:00>}{chapter.1}% 28
\BOOKMARK [1][]{section.1.14}{1.14\040DONE\040to\040have\040dinner<2017-05-13\040Sat\04019:04>}{chapter.1}% 29
\BOOKMARK [1][]{section.1.15}{1.15\040DONE\040to\040have\040dinner<2017-05-17\040Wed\04017:38>}{chapter.1}% 30
\BOOKMARK [1][]{section.1.16}{1.16\040DONE\040to\040have\040dinner<2017-05-19\040Fri\04017:15>}{chapter.1}% 31
\BOOKMARK [1][]{section.1.17}{1.17\040to\040have\040dinner}{chapter.1}% 32
\BOOKMARK [2][]{subsection.1.17.1}{1.17.1\040DONE\040<2017-05-22\040Mon\04017:57>}{section.1.17}% 33
\BOOKMARK [2][]{subsection.1.17.2}{1.17.2\040DONE\040<2017-05-28\040Sun\04016:26>}{section.1.17}% 34
\BOOKMARK [2][]{subsection.1.17.3}{1.17.3\040DONE\040<2017-05-31\040Wed\04018:35>}{section.1.17}% 35
\BOOKMARK [1][]{section.1.18}{1.18\040DONE\040to\040have\040breakfast<2017-04-01\040Sat\04006:35>}{chapter.1}% 36
\BOOKMARK [1][]{section.1.19}{1.19\040DONE\040to\040have\040lunch<2017-04-01\040Sat\04011:45>}{chapter.1}% 37
\BOOKMARK [1][]{section.1.20}{1.20\040DONE\040to\040have\040breakfast<2017-04-02\040Sun\04007:30>}{chapter.1}% 38
\BOOKMARK [1][]{section.1.21}{1.21\040DONE\040to\040have\040lunch<2017-04-02\040Sun\04012:08>}{chapter.1}% 39
\BOOKMARK [1][]{section.1.22}{1.22\040DONE\040to\040have\040breakfast<2017-04-03\040Mon\04006:28>}{chapter.1}% 40
\BOOKMARK [1][]{section.1.23}{1.23\040DONE\040to\040have\040dinner<2017-04-03\040Mon\04017:44>}{chapter.1}% 41
\BOOKMARK [1][]{section.1.24}{1.24\040DONE\040to\040have\040breakfast<2017-04-04\040Tue\04006:42>}{chapter.1}% 42
\BOOKMARK [1][]{section.1.25}{1.25\040DONE\040to\040have\040lunch<2017-04-04\040Tue\04012:35>}{chapter.1}% 43
\BOOKMARK [1][]{section.1.26}{1.26\040DONE\040to\040have\040dinner<2017-04-04\040Tue\04015:53>}{chapter.1}% 44
\BOOKMARK [1][]{section.1.27}{1.27\040DONE\040to\040have\040breakfast<2017-04-05\040Wed\04006:16>}{chapter.1}% 45
\BOOKMARK [1][]{section.1.28}{1.28\040DONE\040to\040have\040lunch<2017-04-05\040Wed\04011:40>}{chapter.1}% 46
\BOOKMARK [1][]{section.1.29}{1.29\040DONE\040to\040have\040breakfast<2017-04-06\040Thu\04006:25>}{chapter.1}% 47
\BOOKMARK [1][]{section.1.30}{1.30\040DONE\040to\040have\040lunch<2017-04-06\040Thu\04011:01>}{chapter.1}% 48
\BOOKMARK [1][]{section.1.31}{1.31\040DONE\040to\040have\040lunch<2017-04-07\040Fri\04011:54>}{chapter.1}% 49
\BOOKMARK [1][]{section.1.32}{1.32\040DONE\040to\040have\040dinner<2017-04-07\040Fri\04016:53>}{chapter.1}% 50
\BOOKMARK [1][]{section.1.33}{1.33\040DONE\040to\040have\040breakfast<2017-04-08\040Sat\04006:40>}{chapter.1}% 51
\BOOKMARK [1][]{section.1.34}{1.34\040DONE\040to\040have\040lunch<2017-04-09\040Sun\04007:18>}{chapter.1}% 52
\BOOKMARK [1][]{section.1.35}{1.35\040DONE\040to\040have\040dinner<2017-04-09\040Sun\04018:08>}{chapter.1}% 53
\BOOKMARK [1][]{section.1.36}{1.36\040DONE\040to\040have\040breakfast<2017-04-10\040Mon\04005:58>}{chapter.1}% 54
\BOOKMARK [1][]{section.1.37}{1.37\040DONE\040to\040have\040lunch<2017-04-10\040Mon\04011:48>}{chapter.1}% 55
\BOOKMARK [1][]{section.1.38}{1.38\040DONE\040to\040have\040dinner<2017-04-10\040Mon\04017:24>}{chapter.1}% 56
\BOOKMARK [1][]{section.1.39}{1.39\040DONE\040to\040have\040lunch<2017-04-12\040Wed\04011:41>}{chapter.1}% 57
\BOOKMARK [1][]{section.1.40}{1.40\040DONE\040to\040have\040dinner<2017-04-12\040Wed\04017:53>}{chapter.1}% 58
\BOOKMARK [1][]{section.1.41}{1.41\040DONE\040to\040have\040breakfast<2017-04-13\040Thu\04006:29>}{chapter.1}% 59
\BOOKMARK [1][]{section.1.42}{1.42\040DONE\040to\040have\040lunch<2017-04-13\040Thu\04011:59>}{chapter.1}% 60
\BOOKMARK [1][]{section.1.43}{1.43\040DONE\040to\040have\040dinner<2017-04-13\040Thu\04017:22>}{chapter.1}% 61
\BOOKMARK [1][]{section.1.44}{1.44\040DONE\040to\040have\040breakfast<2017-04-14\040Fri\04006:55>}{chapter.1}% 62
\BOOKMARK [1][]{section.1.45}{1.45\040DONE\040to\040have\040lunch<2017-04-14\040Fri\04011:08>}{chapter.1}% 63
\BOOKMARK [1][]{section.1.46}{1.46\040DONE\040walking\040and\040then\040to\040have\040dinner<2017-04-14\040Fri\04016:33>}{chapter.1}% 64
\BOOKMARK [1][]{section.1.47}{1.47\040DONE\040to\040have\040lunch\040and\040bring\040my\040wife\040to\040the\040railway\040station<2017-04-15\040Sat\04005:52>}{chapter.1}% 65
\BOOKMARK [1][]{section.1.48}{1.48\040DONE\040to\040have\040lunch<2017-04-15\040Sat\04011:45>}{chapter.1}% 66
\BOOKMARK [1][]{section.1.49}{1.49\040DONE\040clean\040up\040office<2017-04-15\040Sat\04014:15>}{chapter.1}% 67
\BOOKMARK [1][]{section.1.50}{1.50\040DONE\040to\040have\040breakfast<2017-04-16\040Sun\04006:48>}{chapter.1}% 68
\BOOKMARK [1][]{section.1.51}{1.51\040DONE\040to\040have\040breakfast<2017-04-17\040Mon\04006:34>}{chapter.1}% 69
\BOOKMARK [1][]{section.1.52}{1.52\040DONE\040to\040have\040lunch<2017-04-17\040Mon\04011:34>}{chapter.1}% 70
\BOOKMARK [1][]{section.1.53}{1.53\040DONE\040to\040have\040dinner<2017-04-17\040Mon\04016:56>}{chapter.1}% 71
\BOOKMARK [1][]{section.1.54}{1.54\040DONE\040to\040have\040breakfast<2017-04-18\040Tue\04006:59>}{chapter.1}% 72
\BOOKMARK [1][]{section.1.55}{1.55\040DONE\040to\040have\040dinner<2017-04-18\040Tue\04018:32>}{chapter.1}% 73
\BOOKMARK [1][]{section.1.56}{1.56\040DONE\040to\040have\040breakfast<2017-04-19\040Wed\04006:00>}{chapter.1}% 74
\BOOKMARK [1][]{section.1.57}{1.57\040DONE\040to\040have\040lunch<2017-04-19\040Wed\04011:16>}{chapter.1}% 75
\BOOKMARK [1][]{section.1.58}{1.58\040DONE\040to\040have\040dinner<2017-04-19\040Wed\04017:25>}{chapter.1}% 76
\BOOKMARK [1][]{section.1.59}{1.59\040DONE\040to\040have\040breakfast<2017-04-20\040Thu\04007:09>}{chapter.1}% 77
\BOOKMARK [1][]{section.1.60}{1.60\040DONE\040to\040have\040lunch<2017-04-20\040Thu\04011:47>}{chapter.1}% 78
\BOOKMARK [1][]{section.1.61}{1.61\040DONE\040to\040have\040breakfast<2017-04-21\040Fri\04007:18>}{chapter.1}% 79
\BOOKMARK [1][]{section.1.62}{1.62\040DONE\040to\040have\040lunch<2017-04-21\040Fri\04011:56>}{chapter.1}% 80
\BOOKMARK [1][]{section.1.63}{1.63\040DONE\040to\040have\040dinner<2017-04-21\040Fri\04017:16>}{chapter.1}% 81
\BOOKMARK [1][]{section.1.64}{1.64\040DONE\040to\040have\040breakfast<2017-04-22\040Sat\04007:44>}{chapter.1}% 82
\BOOKMARK [1][]{section.1.65}{1.65\040DONE\040to\040have\040lunch<2017-04-22\040Sat\04010:52>}{chapter.1}% 83
\BOOKMARK [1][]{section.1.66}{1.66\040DONE\040to\040have\040lunch<2017-04-23\040Sun\04007:20>}{chapter.1}% 84
\BOOKMARK [1][]{section.1.67}{1.67\040DONE\040to\040have\040breakfast\040<2017-04-24\040Mon\04006:50>}{chapter.1}% 85
\BOOKMARK [1][]{section.1.68}{1.68\040DONE\040to\040have\040lunch<2017-04-24\040Mon\04011:40>}{chapter.1}% 86
\BOOKMARK [1][]{section.1.69}{1.69\040DONE\040to\040have\040breakfast<2017-04-25\040Tue\04006:41>}{chapter.1}% 87
\BOOKMARK [1][]{section.1.70}{1.70\040DONE\040to\040have\040dinner<2017-04-25\040Tue\04017:30>}{chapter.1}% 88
\BOOKMARK [1][]{section.1.71}{1.71\040DONE\040to\040have\040breakfast<2017-04-27\040Thu\04007:02>}{chapter.1}% 89
\BOOKMARK [1][]{section.1.72}{1.72\040DONE\040to\040have\040lunch<2017-04-27\040Thu\04011:41>}{chapter.1}% 90
\BOOKMARK [1][]{section.1.73}{1.73\040DONE\040to\040have\040dinner<2017-04-27\040Thu\04017:28>}{chapter.1}% 91
\BOOKMARK [1][]{section.1.74}{1.74\040DONE\040to\040have\040breakfast<2017-04-28\040Fri\04006:36>}{chapter.1}% 92
\BOOKMARK [1][]{section.1.75}{1.75\040DONE\040to\040have\040lunch<2017-04-28\040Fri\04011:10>}{chapter.1}% 93
\BOOKMARK [1][]{section.1.76}{1.76\040DONE\040to\040have\040dinner<2017-04-28\040Fri\04018:12>}{chapter.1}% 94
\BOOKMARK [1][]{section.1.77}{1.77\040DONE\040to\040have\040breakfast<2017-04-29\040Sat\04006:58>}{chapter.1}% 95
\BOOKMARK [1][]{section.1.78}{1.78\040DONE\040to\040have\040lunch\040<2017-04-29\040Sat\04012:10>}{chapter.1}% 96
\BOOKMARK [1][]{section.1.79}{1.79\040DONE\040to\040have\040dinner<2017-04-29\040Sat\04019:24>}{chapter.1}% 97
\BOOKMARK [1][]{section.1.80}{1.80\040DONE\040to\040have\040breakfast<2017-04-30\040Sun\04006:37>}{chapter.1}% 98
\BOOKMARK [1][]{section.1.81}{1.81\040DONE\040b<2017-03-10\040Fri\04007:03>breakfasit}{chapter.1}% 99
\BOOKMARK [1][]{section.1.82}{1.82\040DONE\040go\040to\040home\040for\040breakfast<2017-03-11\040Sat\04007:16>}{chapter.1}% 100
\BOOKMARK [1][]{section.1.83}{1.83\040DONE\040go\040home\040for\040breakfast<2017-03-13\040Mon\04006:51>}{chapter.1}% 101
\BOOKMARK [1][]{section.1.84}{1.84\040DONE\040go\040home\040for\040lunch<2017-03-13\040Mon\04011:56>}{chapter.1}% 102
\BOOKMARK [1][]{section.1.85}{1.85\040DONE\040go\040to\040home<2017-03-14\040Tue\04006:54>\040\040to\040have\040breakfast}{chapter.1}% 103
\BOOKMARK [1][]{section.1.86}{1.86\040DONE\040go\040home\040to\040have\040lunch<2017-03-14\040Tue\04011:44>}{chapter.1}% 104
\BOOKMARK [1][]{section.1.87}{1.87\040DONE\040go\040home\040to\040have\040breakfast<2017-03-15\040Wed\04006:56>}{chapter.1}% 105
\BOOKMARK [1][]{section.1.88}{1.88\040DONE\040go\040to\040home\040and\040have\040lunch<2017-03-15\040Wed\04011:50>}{chapter.1}% 106
\BOOKMARK [1][]{section.1.89}{1.89\040DONE\040to\040have\040dinner<2017-03-15\040Wed\04017:15>}{chapter.1}% 107
\BOOKMARK [1][]{section.1.90}{1.90\040DONE\040to\040have\040breakfast<2017-03-16\040Thu\04007:00>}{chapter.1}% 108
\BOOKMARK [1][]{section.1.91}{1.91\040DONE\040to\040have\040lunch<2017-03-16\040Thu\04011:40>}{chapter.1}% 109
\BOOKMARK [1][]{section.1.92}{1.92\040DONE\040to\040have\040breakfast<2017-03-18\040Sat\04007:12>}{chapter.1}% 110
\BOOKMARK [1][]{section.1.93}{1.93\040DONE\040to\040have\040lunch<2017-04-12\040Wed>}{chapter.1}% 111
\BOOKMARK [1][]{section.1.94}{1.94\040DONE\040to\040have\040breakfast<2017-03-19\040Sun\04007:17>}{chapter.1}% 112
\BOOKMARK [1][]{section.1.95}{1.95\040DONE\040to\040have\040breakfast<2017-03-20\040Mon\04006:53>}{chapter.1}% 113
\BOOKMARK [1][]{section.1.96}{1.96\040DONE\040to\040have\040lunch<2017-03-21\040Tue\04011:50>}{chapter.1}% 114
\BOOKMARK [1][]{section.1.97}{1.97\040DONE\040to\040have\040dinner<2017-03-21\040Tue\04017:57>}{chapter.1}% 115
\BOOKMARK [1][]{section.1.98}{1.98\040DONE\040to\040have\040breakfast<2017-03-22\040Wed\04006:54>}{chapter.1}% 116
\BOOKMARK [1][]{section.1.99}{1.99\040DONE\040to\040have\040lunch<2017-03-22\040Wed\04011:41>}{chapter.1}% 117
\BOOKMARK [1][]{section.1.100}{1.100\040DONE\040sleeping<2017-03-22\040Wed\04021:57>}{chapter.1}% 118
\BOOKMARK [1][]{section.1.101}{1.101\040DONE\040to\040have\040breakfast<2017-03-23\040Thu\04006:50>}{chapter.1}% 119
\BOOKMARK [1][]{section.1.102}{1.102\040DONE\040to\040have\040lunch<2017-03-23\040Thu\04011:39>}{chapter.1}% 120
\BOOKMARK [1][]{section.1.103}{1.103\040DONE\040to\040have\040breakfast<2017-03-24\040Fri\04006:30>}{chapter.1}% 121
\BOOKMARK [1][]{section.1.104}{1.104\040DONE\040to\040have\040lunch<2017-03-24\040Fri\04011:40>}{chapter.1}% 122
\BOOKMARK [1][]{section.1.105}{1.105\040DONE\040Organize\040the\040items,\040ready\040to\040eat<2017-03-27\040Mon\04005:52>}{chapter.1}% 123
\BOOKMARK [1][]{section.1.106}{1.106\040DONE\040dinner<2017-03-27\040Mon\04017:43>}{chapter.1}% 124
\BOOKMARK [1][]{section.1.107}{1.107\040DONE\040to\040have\040breakfast<2017-03-28\040Tue\04006:55>}{chapter.1}% 125
\BOOKMARK [1][]{section.1.108}{1.108\040DONE\040to\040have\040lunch<2017-03-28\040Tue\04011:35>}{chapter.1}% 126
\BOOKMARK [1][]{section.1.109}{1.109\040DONE\040to\040have\040lunch<2017-03-29\040Wed\04011:16>}{chapter.1}% 127
\BOOKMARK [1][]{section.1.110}{1.110\040DONE\040to\040have\040dinner<2017-03-29\040Wed\04017:42>}{chapter.1}% 128
\BOOKMARK [1][]{section.1.111}{1.111\040DONE\040to\040have\040breakfast<2017-03-30\040Thu\04006:43>}{chapter.1}% 129
\BOOKMARK [1][]{section.1.112}{1.112\040DONE\040to\040have\040lunch<2017-03-30\040Thu\04011:36>}{chapter.1}% 130
\BOOKMARK [1][]{section.1.113}{1.113\040DONE\040to\040have\040breakfast<2017-03-31\040Fri\04008:00>}{chapter.1}% 131
\BOOKMARK [1][]{section.1.114}{1.114\040DONE\040to\040have\040lunch<2017-03-31\040Fri\04011:30>}{chapter.1}% 132
\BOOKMARK [1][]{section.1.115}{1.115\040DONE\040to\040have\040dinner<2017-03-31\040Fri\04016:27>}{chapter.1}% 133
\BOOKMARK [0][]{chapter.2}{2\040TODO\040sleep}{}% 134
\BOOKMARK [1][]{section.2.1}{2.1\040DONE\040Eight\040<2017-03-09\040Thu\04014:05>}{chapter.2}% 135
\BOOKMARK [1][]{section.2.2}{2.2\040DONE\040go\040home\040sleeping<2017-03-09\040Thu\04021:28>}{chapter.2}% 136
\BOOKMARK [1][]{section.2.3}{2.3\040DONE\040go\040home\040sleeping<2017-03-10\040Fri\04021:40>}{chapter.2}% 137
\BOOKMARK [1][]{section.2.4}{2.4\040DONE\040go\040home\040sleeping<2017-03-11\040Sat\04022:00>}{chapter.2}% 138
\BOOKMARK [1][]{section.2.5}{2.5\040DONE\040go\040to\040home\040and\040sleeping<2017-03-13\040Mon\04020:55>}{chapter.2}% 139
\BOOKMARK [1][]{section.2.6}{2.6\040go\040to\040hemo\040to\040sleeping<2017-03-14\040Tue\04021:16>}{chapter.2}% 140
\BOOKMARK [1][]{section.2.7}{2.7\040DONE\040go\040home\040sleep<2017-03-15\040Wed\04021:33>}{chapter.2}% 141
\BOOKMARK [1][]{section.2.8}{2.8\040DONE\040go\040to\040home\040sleeping<2017-03-16\040Thu\04021:03>}{chapter.2}% 142
\BOOKMARK [1][]{section.2.9}{2.9\040DONE\040go\040to\040home\040in\040order\040to\040sleeping<2017-03-17\040Fri\04021:53>}{chapter.2}% 143
\BOOKMARK [1][]{section.2.10}{2.10\040DONE\040sleeping<2017-03-18\040Sat\04021:51>}{chapter.2}% 144
\BOOKMARK [1][]{section.2.11}{2.11\040DONE\040sleeping\040and\040goes\040to\040take\040a\040shower<2017-03-19\040Sun\04021:31>}{chapter.2}% 145
\BOOKMARK [1][]{section.2.12}{2.12\040DONE\040sleeping<2017-03-20\040Mon\04021:35>}{chapter.2}% 146
\BOOKMARK [1][]{section.2.13}{2.13\040DONE\040sleeping<2017-03-21\040Tue\04021:23>}{chapter.2}% 147
\BOOKMARK [1][]{section.2.14}{2.14\040DONE\040sleeping<2017-03-26\040Sun\04003:47>}{chapter.2}% 148
\BOOKMARK [1][]{section.2.15}{2.15\040DONE\040sleeping<2017-03-26\040Sun\04023:30>}{chapter.2}% 149
\BOOKMARK [1][]{section.2.16}{2.16\040DONE\040sleeping\040and\040walking<2017-03-27\040Mon\04021:15>}{chapter.2}% 150
\BOOKMARK [1][]{section.2.17}{2.17\040DONE\040sleeping<2017-03-28\040Tue\04021:30>}{chapter.2}% 151
\BOOKMARK [1][]{section.2.18}{2.18\040DONE\040sleeping<2017-03-29\040Wed\04021:30>}{chapter.2}% 152
\BOOKMARK [1][]{section.2.19}{2.19\040DONE\040sleeping<2017-03-30\040Thu\04021:40>}{chapter.2}% 153
\BOOKMARK [1][]{section.2.20}{2.20\040DONE\040sleeping<2017-03-31\040Fri\04021:34>}{chapter.2}% 154
\BOOKMARK [1][]{section.2.21}{2.21\040DONE\040sleeping<2017-04-01\040Sat\04021:38>}{chapter.2}% 155
\BOOKMARK [1][]{section.2.22}{2.22\040DONE\040today\040I'm\040tired,\040so\040wants\040to\040sleep\040early<2017-04-02\040Sun\04020:53>}{chapter.2}% 156
\BOOKMARK [1][]{section.2.23}{2.23\040DONE\040sleep<2017-04-03\040Mon\04020:45>}{chapter.2}% 157
\BOOKMARK [1][]{section.2.24}{2.24\040DONE\040I'm\040going\040to\040sleeping\040because\040I\040have\040backache<2017-04-04\040Tue\04020:24>}{chapter.2}% 158
\BOOKMARK [1][]{section.2.25}{2.25\040DONE\040sleep<2017-04-05\040Wed\04020:41>}{chapter.2}% 159
\BOOKMARK [1][]{section.2.26}{2.26\040DONE\040sleeping<2017-04-06\040Thu\04021:02>}{chapter.2}% 160
\BOOKMARK [1][]{section.2.27}{2.27\040DONE\040sleeping<2017-04-07\040Fri\04021:24>}{chapter.2}% 161
\BOOKMARK [1][]{section.2.28}{2.28\040DONE\040sleeping\040<2017-04-08\040Sat\04021:27>}{chapter.2}% 162
\BOOKMARK [1][]{section.2.29}{2.29\040DONE\040sleeping<2017-04-09\040Sun\04021:48>}{chapter.2}% 163
\BOOKMARK [1][]{section.2.30}{2.30\040DONE\040sleeping<2017-04-10\040Mon\04021:40>}{chapter.2}% 164
\BOOKMARK [1][]{section.2.31}{2.31\040DONE\040sleeping<2017-04-11\040Tue\04021:29>}{chapter.2}% 165
\BOOKMARK [1][]{section.2.32}{2.32\040DONE\040relax\040and\040then\040sleeping<2017-04-12\040Wed\04021:11>}{chapter.2}% 166
\BOOKMARK [1][]{section.2.33}{2.33\040DONE\040sleeping<2017-04-13\040Thu\04021:33>}{chapter.2}% 167
\BOOKMARK [1][]{section.2.34}{2.34\040DONE\040sleeping<2017-04-14\040Fri\04021:30>}{chapter.2}% 168
\BOOKMARK [1][]{section.2.35}{2.35\040DONE\040sleeping<2017-04-15\040Sat\04022:00>}{chapter.2}% 169
\BOOKMARK [1][]{section.2.36}{2.36\040DONE\040sleeping<2017-04-16\040Sun\04021:26>}{chapter.2}% 170
\BOOKMARK [1][]{section.2.37}{2.37\040DONE\040sleeping<2017-04-17\040Mon\04021:22>}{chapter.2}% 171
\BOOKMARK [1][]{section.2.38}{2.38\040DONE\040sleeping<2017-04-18\040Tue\04021:28>}{chapter.2}% 172
\BOOKMARK [1][]{section.2.39}{2.39\040DONE\040sleeping<2017-04-19\040Wed\04021:17>}{chapter.2}% 173
\BOOKMARK [1][]{section.2.40}{2.40\040DONE\040sleeping<2017-04-20\040Thu\04021:16>}{chapter.2}% 174
\BOOKMARK [1][]{section.2.41}{2.41\040DONE\040sleeping<2017-04-21\040Fri\04021:02>}{chapter.2}% 175
\BOOKMARK [1][]{section.2.42}{2.42\040DONE\040sleeping<2017-04-22\040Sat\04022:30>}{chapter.2}% 176
\BOOKMARK [1][]{section.2.43}{2.43\040DONE\040sleeping<2017-04-23\040Sun\04021:25>}{chapter.2}% 177
\BOOKMARK [1][]{section.2.44}{2.44\040DONE\040sleeping<2017-04-25\040Tue\04022:30>}{chapter.2}% 178
\BOOKMARK [1][]{section.2.45}{2.45\040DONE\040sleeping<2017-04-26\040Wed\04022:13>}{chapter.2}% 179
\BOOKMARK [1][]{section.2.46}{2.46\040DONE\040sleeping<2017-04-27\040Thu\04020:54>}{chapter.2}% 180
\BOOKMARK [1][]{section.2.47}{2.47\040DONE\040sleeping<2017-04-28\040Fri\04021:00>}{chapter.2}% 181
\BOOKMARK [1][]{section.2.48}{2.48\040DONE\040sleeping<2017-04-29\040Sat\04021:54>}{chapter.2}% 182
\BOOKMARK [1][]{section.2.49}{2.49\040DONE\040sleeping<2017-04-30\040Sun\04021:30>}{chapter.2}% 183
\BOOKMARK [1][]{section.2.50}{2.50\040DONE\040sleeping<2017-05-01\040Mon\04021:10>}{chapter.2}% 184
\BOOKMARK [1][]{section.2.51}{2.51\040DONE\040sleeping<2017-05-02\040Tue\04021:27>}{chapter.2}% 185
\BOOKMARK [1][]{section.2.52}{2.52\040DONE\040sleeping<2017-05-03\040Wed\04021:40>}{chapter.2}% 186
\BOOKMARK [1][]{section.2.53}{2.53\040DONE\040sleeping<2017-05-04\040Thu\04021:10>}{chapter.2}% 187
\BOOKMARK [1][]{section.2.54}{2.54\040DONE\040sleeping<2017-05-05\040Fri\04021:05>}{chapter.2}% 188
\BOOKMARK [1][]{section.2.55}{2.55\040DONE\040sleeping\040<2017-05-06\040Sat\04021:30>}{chapter.2}% 189
\BOOKMARK [1][]{section.2.56}{2.56\040DONE\040sleeping<2017-05-07\040Sun\04021:17>}{chapter.2}% 190
\BOOKMARK [1][]{section.2.57}{2.57\040DONE\040sleeping<2017-05-08\040Mon\04021:34>}{chapter.2}% 191
\BOOKMARK [1][]{section.2.58}{2.58\040DONE\040sleeping<2017-05-09\040Tue\04021:44>}{chapter.2}% 192
\BOOKMARK [1][]{section.2.59}{2.59\040DONE\040clean\040up<2017-05-10\040Wed\04005:49>}{chapter.2}% 193
\BOOKMARK [1][]{section.2.60}{2.60\040DONE\040sleeping<2017-05-10\040Wed\04021:16>}{chapter.2}% 194
\BOOKMARK [1][]{section.2.61}{2.61\040DONE\040sleeping<2017-05-11\040Thu\04021:46>}{chapter.2}% 195
\BOOKMARK [1][]{section.2.62}{2.62\040DONE\040sleeping<2017-05-12\040Fri\04022:00>}{chapter.2}% 196
\BOOKMARK [1][]{section.2.63}{2.63\040DONE\040sleeping<2017-05-13\040Sat\04022:00>}{chapter.2}% 197
\BOOKMARK [1][]{section.2.64}{2.64\040DONE\040sleeping<2017-05-14\040Sun\04022:00>}{chapter.2}% 198
\BOOKMARK [1][]{section.2.65}{2.65\040DONE\040sleeping<2017-05-15\040Mon\04021:35>}{chapter.2}% 199
\BOOKMARK [1][]{section.2.66}{2.66\040DONE\040sleeping<2017-05-16\040Tue\04021:12>}{chapter.2}% 200
\BOOKMARK [1][]{section.2.67}{2.67\040DONE\040sleeping<2017-05-17\040Wed\04021:33>}{chapter.2}% 201
\BOOKMARK [1][]{section.2.68}{2.68\040DONE\040sleeping<2017-05-18\040Thu\04021:50>}{chapter.2}% 202
\BOOKMARK [1][]{section.2.69}{2.69\040DONE\040sleeping<2017-05-19\040Fri\04022:26>}{chapter.2}% 203
\BOOKMARK [1][]{section.2.70}{2.70\040DONE\040sleeping<2017-05-20\040Sat\04021:35>}{chapter.2}% 204
\BOOKMARK [1][]{section.2.71}{2.71\040DONE\040sleeping<2017-05-21\040Sun\04021:53>}{chapter.2}% 205
\BOOKMARK [1][]{section.2.72}{2.72\040DONE\040sleeping<2017-05-22\040Mon\04021:55>}{chapter.2}% 206
\BOOKMARK [1][]{section.2.73}{2.73\040DONE\040sleeping<2017-05-23\040Tue\04021:37>}{chapter.2}% 207
\BOOKMARK [1][]{section.2.74}{2.74\040DONE\040sleeping<2017-05-24\040Wed\04022:30>}{chapter.2}% 208
\BOOKMARK [1][]{section.2.75}{2.75\040DONE\040sleeping<2017-05-25\040Thu\04021:18>}{chapter.2}% 209
\BOOKMARK [1][]{section.2.76}{2.76\040DONE\040sleeping<2017-05-26\040Fri\04021:38>}{chapter.2}% 210
\BOOKMARK [1][]{section.2.77}{2.77\040DONE\040sleeping<2017-05-27\040Sat\04022:00>}{chapter.2}% 211
\BOOKMARK [1][]{section.2.78}{2.78\040DONE\040sleeping<2017-05-28\040Sun\04022:01>}{chapter.2}% 212
\BOOKMARK [1][]{section.2.79}{2.79\040DONE\040sleeping<2017-05-29\040Mon\04021:32>}{chapter.2}% 213
\BOOKMARK [1][]{section.2.80}{2.80\040DONE\040<2017-05-30\040Tue\04021:45>}{chapter.2}% 214
\BOOKMARK [1][]{section.2.81}{2.81\040DONE\040<2017-05-31\040Wed\04021:33>}{chapter.2}% 215
\BOOKMARK [1][]{section.2.82}{2.82\040DONE\040<2017-06-01\040Thu\04022:00>sleep}{chapter.2}% 216
\BOOKMARK [1][]{section.2.83}{2.83\040DONE\040<2017-06-02\040Fri\04021:30>}{chapter.2}% 217
\BOOKMARK [1][]{section.2.84}{2.84\040DONE\040<2017-06-03\040Sat\04022:00>sleep}{chapter.2}% 218
\BOOKMARK [1][]{section.2.85}{2.85\040DONE\040<2017-06-04\040Sun\04021:29>sleep}{chapter.2}% 219
\BOOKMARK [1][]{section.2.86}{2.86\040DONE\040<2017-06-05\040Mon\04021:25>sleep}{chapter.2}% 220
\BOOKMARK [1][]{section.2.87}{2.87\040DONE\040<2017-06-07\040Wed\04022:00>sleep}{chapter.2}% 221
\BOOKMARK [1][]{section.2.88}{2.88\040DONE\040<2017-06-07\040Wed\04021:54>sleep}{chapter.2}% 222
\BOOKMARK [1][]{section.2.89}{2.89\040DONE\040sleeping<2017-05-12\040Fri\04021:20>}{chapter.2}% 223
\BOOKMARK [1][]{section.2.90}{2.90\040DONE\040sleeping<2017-06-08\040Thu\04000:40>}{chapter.2}% 224
\BOOKMARK [1][]{section.2.91}{2.91\040DONE\040sleep}{chapter.2}% 225
\BOOKMARK [0][]{chapter.3}{3\040TODO\040clean\040office}{}% 226
\BOOKMARK [0][]{chapter.4}{4\040DONE\040Words}{}% 227
\BOOKMARK [0][]{chapter.5}{5\040TODO\040New\040English}{}% 228
\BOOKMARK [0][]{chapter.6}{6\040TODO\040handwriting}{}% 229
\BOOKMARK [1][]{section.6.1}{6.1\040TODO\040Copy\040a\040model\040of\040paiting}{chapter.6}% 230
\BOOKMARK [1][]{section.6.2}{6.2\040TODO\040Copy\040\(a\040model\040of\040calligraphy\)}{chapter.6}% 231
\BOOKMARK [0][]{chapter.7}{7\040STARTED\040browse\040news\040and\040free\040learn}{}% 232
\BOOKMARK [0][]{chapter.8}{8\040TODO\040learn\040lisp}{}% 233
\BOOKMARK [0][]{chapter.9}{9\040TODO\040check\040teaching}{}% 234
\BOOKMARK [0][]{chapter.10}{10\040TODO\040pactice}{}% 235
\BOOKMARK [0][]{chapter.11}{11 TODO give a lecture\(单应一，双应二408\)}{}% 236
\BOOKMARK [0][]{chapter.12}{12\040DONE\040review}{}% 237
\BOOKMARK [0][]{chapter.13}{13\040TODO\040training}{}% 238
\BOOKMARK [0][]{chapter.14}{14\040TODO\040Physical\040exercise}{}% 239
\BOOKMARK [0][]{chapter.15}{15\040TODO\040meeting\040DEADLINE:\040<2018-09-06\040Thu\04017:00\040+1w>\040\040SCHEDULED:\040<2018-09-05\040Wed\04015:30\040+1w>}{}% 240
\BOOKMARK [0][]{chapter.16}{16\040DONE\040to\040relaxLOGBOOK}{}% 241
\BOOKMARK [0][]{chapter.17}{17\040DONE\040Write\040my\040memior}{}% 242
\BOOKMARK [0][]{chapter.18}{18\040DONE\040To\040claim\040the\040mountain\040Tai}{}% 243
\BOOKMARK [0][]{chapter.19}{19\040DONE\040Test\040learn}{}% 244
\BOOKMARK [0][]{chapter.20}{20\040test}{}% 245
\BOOKMARK [1][]{section.20.1}{20.1\040Wrong}{chapter.20}% 246
\BOOKMARK [1][]{section.20.2}{20.2 单选}{chapter.20}% 247
\BOOKMARK [1][]{section.20.3}{20.3 多选}{chapter.20}% 248
\BOOKMARK [1][]{section.20.4}{20.4 一}{chapter.20}% 249
\BOOKMARK [1][]{section.20.5}{20.5 二}{chapter.20}% 250
\BOOKMARK [2][]{subsection.20.5.1}{20.5.1 53 除公务学习交流}{section.20.5}% 251
\BOOKMARK [2][]{subsection.20.5.2}{20.5.2 多选}{section.20.5}% 252
\BOOKMARK [1][]{section.20.6}{20.6 重点}{chapter.20}% 253
\BOOKMARK [2][]{subsection.20.6.1}{20.6.1 十九大}{section.20.6}% 254
\BOOKMARK [2][]{subsection.20.6.2}{20.6.2 法律}{section.20.6}% 255
