\BOOKMARK [1][-]{section.1}{\376\377\135\345\117\134\213\260\137\125}{}% 1
\BOOKMARK [1][-]{section.2}{\376\377\000Q\000u\000i\000c\000k\000\040\000n\000o\000t\000e\000s}{}% 2
\BOOKMARK [2][-]{subsection.2.1}{\376\377\000l\000e\000a\000r\000n\000\040\000a\000\040\000n\000e\000w\000\040\000c\000o\000m\000m\000a\000n\000d}{section.2}% 3
\BOOKMARK [2][-]{subsection.2.2}{\376\377\000D\000O\000N\000E\000\040\176\331\137\040\156\005\154\021\116\146\213\260\154\107\142\245}{section.2}% 4
\BOOKMARK [2][-]{subsection.2.3}{\376\377\000t\000o\000d\000a\000y\000\040\000a\000f\000t\000e\000r\000n\000o\000o\000n\000\040\0004\000:\0000\0000}{section.2}% 5
\BOOKMARK [2][-]{subsection.2.4}{\376\377\000T\000o\000d\000a\000y\000\040\000z\000e\000n\000g\000'\000s\000\040\000m\000o\000t\000h\000e\000r\000'\000s\000\040\000d\000i\000e\000d\000\040\000d\000a\000y}{section.2}% 6
\BOOKMARK [2][-]{subsection.2.5}{\376\377\000T\000o\000d\000a\000y\000\040\000I\000'\000m\000\040\000g\000o\000i\000n\000i\000n\000g\000\040\000t\000o\000\040\000i\000n\000t\000e\000n\000s\000i\000v\000e\000\040\000r\000e\000a\000d\000\040\000a\000\040\000b\000o\000o\000k}{section.2}% 7
\BOOKMARK [2][-]{subsection.2.6}{\376\377\116\146\121\231\135\345\117\134\137\303\137\227\116\000\173\307}{section.2}% 8
\BOOKMARK [2][-]{subsection.2.7}{\376\377\000T\000h\000e\000r\000e\000'\000s\000\040\000a\000\040\000s\000p\000o\000r\000t\000'\000s\000\040\000m\000e\000e\000t\000\040\000t\000o\000d\000a\000y}{section.2}% 9
\BOOKMARK [2][-]{subsection.2.8}{\376\377\000D\000O\000N\000E\000\040\124\014\116\055\121\164\214\010\150\041\117\001\124\010\117\134}{section.2}% 10
\BOOKMARK [2][-]{subsection.2.9}{\376\377\000D\000O\000N\000E\000\040\000R\000e\000v\000i\000e\000w\000\040\000O\000n\000e\000,\000T\000w\000o\000,\000T\000h\000r\000e\000e}{section.2}% 11
\BOOKMARK [2][-]{subsection.2.10}{\376\377\000D\000O\000N\000E\000\040\000R\000e\000v\000i\000e\000w}{section.2}% 12
\BOOKMARK [2][-]{subsection.2.11}{\376\377\116\312\131\051\116\013\123\110\136\002\145\077\136\234\213\304\145\271\150\110\377\014\201\363\121\155\160\271\176\323\147\137\060\002}{section.2}% 13
\BOOKMARK [2][-]{subsection.2.12}{\376\377\145\255\177\121\173\054\116\214\131\051}{section.2}% 14
\BOOKMARK [2][-]{subsection.2.13}{\376\377\145\255\177\121\116\015\124\057\122\250\377\014\116\345\124\016\211\201\162\142\213\260\060\002}{section.2}% 15
\BOOKMARK [2][-]{subsection.2.14}{\376\377\000r\000e\000l\000a\000x\000\040\000i\000n\000\040\000n\000a\000t\000u\000r\000e}{section.2}% 16
\BOOKMARK [2][-]{subsection.2.15}{\376\377\000T\000o\000d\000a\000y\000\040\000i\000s\000\040\116\055\171\313\202\202}{section.2}% 17
\BOOKMARK [2][-]{subsection.2.16}{\376\377\000D\000O\000N\000E\000\040\000b\000r\000i\000n\000g\000\040\000t\000h\000e\000m\000\040\000t\000o\000\040\000t\000h\000e\000\040\000c\000e\000n\000t\000e\000r\000\040\000o\000f\000\040\000h\000o\000s\000p\000i\000t\000a\000l}{section.2}% 18
\BOOKMARK [2][-]{subsection.2.17}{\376\377\000D\000O\000N\000E\000\040\000T\000o\000d\000a\000y\000\040\000i\000s\000\040\000g\000o\000i\000n\000g\000\040\000t\000o\000\040\000x\000i\000a\000n\000\040\000a\000n\000d\000\040\000t\000a\000k\000i\000n\000g\000\040\000m\000e\000e\000t\000i\000n\000g}{section.2}% 19
\BOOKMARK [2][-]{subsection.2.18}{\376\377\000T\000o\000d\000a\000y\000\040\0002\0001\000:\0000\0000\000u\000p\000a\000t\000a\000\040\0001\0003\000.\0001\000b\000e\000t\000a}{section.2}% 20
\BOOKMARK [2][-]{subsection.2.19}{\376\377\000T\000o\000d\000a\000y\000\040\000t\000h\000e\000r\000e\000\040\000i\000s\000\040\000a\000\040\000c\000h\000e\000c\000k\000i\000n\000g\000\040\000s\000o\000\040\000c\000l\000e\000a\000n}{section.2}% 21
\BOOKMARK [2][-]{subsection.2.20}{\376\377\116\016\137\040\131\051\164\136\214\010\213\335}{section.2}% 22
\BOOKMARK [2][-]{subsection.2.21}{\376\377\000r\000e\000a\000d\000\040\000g\000n\000u\000\040\000E\000m\000a\000c\000s\000\040\000L\000i\000s\000p\000\040\0002\0001\000p\000a\000g\000e\000s}{section.2}% 23
\BOOKMARK [2][-]{subsection.2.22}{\376\377\000T\000O\000D\000O\000\040}{section.2}% 24
\BOOKMARK [2][-]{subsection.2.23}{\376\377\167\074\167\133\226\276\123\327\377\014\116\015\133\234\167\013\121\372\116\206\377\014\117\021\140\157\060\002}{section.2}% 25
\BOOKMARK [2][-]{subsection.2.24}{\376\377\150\041\126\355\142\333\200\130\117\032}{section.2}% 26
\BOOKMARK [1][-]{section.3}{\376\377\123\072\127\127\224\376}{}% 27
\BOOKMARK [2][-]{subsection.3.1}{\376\377\122\053\160\222\117\134\123\072\127\127\224\376\116\206\377\014\133\203\121\166\133\236\146\057\116\000\116\052\173\227\154\325\131\015\147\102\116\000\202\054\116\272\137\210\215\071\211\343\166\204\145\160\143\156\136\223}{section.3}% 28
\BOOKMARK [2][-]{subsection.3.2}{\376\377\0001\060\001\123\072\127\127\224\376\116\015\173\111\116\216\116\373\117\125\206\132\142\337\215\047\136\001\377\014\133\203\123\357\116\345\130\121\220\040\145\340\145\160\127\072\146\157}{section.3}% 29
\BOOKMARK [2][-]{subsection.3.3}{\376\377\0002\060\001\123\072\127\127\224\376\232\330\136\246\160\165\155\073\377\014\123\357\116\345\122\051\165\050\133\203\166\204\147\320\116\000\162\171\140\047\116\016\163\260\147\011\125\106\116\032\127\072\146\157\176\323\124\010}{section.3}% 30
\BOOKMARK [2][-]{subsection.3.4}{\376\377\0003\060\001\146\364\131\047\166\204\151\202\163\207\146\057\116\016\000A\000I\377\014\162\151\200\124\177\121\124\214\131\047\145\160\143\156\200\124\142\113}{section.3}% 31
\BOOKMARK [2][-]{subsection.3.5}{\376\377\123\072\127\127\224\376\142\200\147\057\377\032\127\050\176\277\145\131\200\262\121\161\116\253\165\037\140\001\166\204\127\372\167\363}{section.3}% 32
\BOOKMARK [2][-]{subsection.3.6}{\376\377\236\055\150\250\147\145\116\206\377\001\123\072\127\127\224\376\227\151\124\175\140\035\157\156\116\013\217\331\116\233\117\040\176\337\125\106\116\032\140\035\176\364\134\006\210\253\230\240\211\206}{section.3}% 33
\BOOKMARK [2][-]{subsection.3.7}{\376\377\147\116\173\021\147\145\377\032\040\034\123\273\116\055\137\303\123\026\040\035\166\204\172\063\133\232\215\047\136\001\116\015\232\330\145\110\377\014\147\052\147\145\116\073\147\103\215\047\136\001\134\006\123\072\127\127\224\376\123\026}{section.3}% 34
\BOOKMARK [1][-]{section.4}{\376\377\000s\000p\000a\000c\000e\000m\000a\000c\000s}{}% 35
\BOOKMARK [2][-]{subsection.4.1}{\376\377\000z\000i\000l\000o\000n\000g\000s\000h\000a\000n\000r\000e\000n\000-\000g\000i\000t\000h\000u\000b}{section.4}% 36
\BOOKMARK [2][-]{subsection.4.2}{\376\377\000f\000i\000d\000d\000i\000n\000g\000/\000s\000p\000a\000c\000e\000m\000a\000c\000s\000.\000d}{section.4}% 37
\BOOKMARK [2][-]{subsection.4.3}{\376\377\000G\000U\000N\000\040\000E\000m\000a\000c\000s\000\040\000l\000i\000s\000p}{section.4}% 38
\BOOKMARK [2][-]{subsection.4.4}{\376\377\000D\000O\000N\000E\000\040\173\054\116\135\172\340\000\040\122\027\210\150\146\057\131\202\117\125\133\236\163\260\166\204}{section.4}% 39
\BOOKMARK [2][-]{subsection.4.5}{\376\377\000D\000O\000N\000E\000\040\173\054\123\101\172\340\000\040\142\176\126\336\145\207\147\054}{section.4}% 40
\BOOKMARK [2][-]{subsection.4.6}{\376\377\000D\000O\000N\000E\000\040\173\054\0001\0001\172\340\000\040\137\252\163\257\124\214\220\022\137\122}{section.4}% 41
\BOOKMARK [2][-]{subsection.4.7}{\376\377\000D\000O\000N\000E\000\040\000S\000p\000a\000c\000e\000m\000a\000c\000s\000\040\117\177\165\050\140\073\176\323}{section.4}% 42
\BOOKMARK [2][-]{subsection.4.8}{\376\377\143\322\121\145\126\376\162\107}{section.4}% 43
\BOOKMARK [2][-]{subsection.4.9}{\376\377\000O\000r\000g\000-\000m\000o\000d\000e\000\040\173\200\146\016\142\113\121\214}{section.4}% 44
\BOOKMARK [2][-]{subsection.4.10}{\376\377\000D\000O\000N\000E\000\040\000b\000i\000n\000d\000i\000n\000g\000s\000\040\000k\000e\000y\000\040\000l\000e\000a\000r\000n}{section.4}% 45
\BOOKMARK [2][-]{subsection.4.11}{\376\377\000S\000p\000a\000c\000e\000m\000a\000c\000s\000\040\000u\000s\000e\000s\000\040\000a\000\040\000l\000e\000a\000d\000e\000r\000\040\000k\000e\000y\000\040\000t\000o\000\040\000b\000i\000n\000d\000\040\000a\000l\000m\000o\000s\000t\000\040\000a\000l\000l\000\040\000i\000t\000s\000\040\000k\000e\000y\000\040\000b\000i\000n\000d\000i\000n\000g\000s\000.}{section.4}% 46
\BOOKMARK [2][-]{subsection.4.12}{\376\377\000I\000t\000\040\000i\000s\000\040\000p\000o\000s\000s\000i\000b\000l\000e\000\040\000t\000o\000\040\000d\000e\000f\000i\000n\000e\000\040\000y\000o\000u\000r\000\040\000d\000e\000f\000a\000u\000l\000t\000\040\000t\000h\000e\000m\000e\000s\000\040\000i\000n\000\040\000y\000o\000u\000r\000\040\000\176\000/\000.\000s\000p\000a\000c\000e\000m\000a\000c\000s\000\040\000w\000i\000t\000h\000\040\000t\000h\000e\000\040\000v\000a\000r\000i\000a\000b\000l\000e\000\040\000d\000o\000t\000s\000p\000a\000c\000e\000m\000a\000c\000s\000-\000t\000h\000e\000m\000e\000s\000.\000\040\000F\000o\000r\000\040\000i\000n\000s\000t\000a\000n\000c\000e\000,\000\040\000t\000o\000\040\000s\000p\000e\000c\000i\000f\000y\000\040\000s\000p\000a\000c\000e\000m\000a\000c\000s\000-\000l\000i\000g\000h\000t\000,\000\040\000l\000e\000u\000v\000e\000n\000\040\000a\000n\000d\000\040\000z\000e\000n\000b\000u\000r\000n\000:}{section.4}% 47
\BOOKMARK [2][-]{subsection.4.13}{\376\377\0001\0002\000.\0003\000\040\000G\000U\000I\000\040\000T\000o\000g\000g\000l\000e\000s}{section.4}% 48
\BOOKMARK [2][-]{subsection.4.14}{\376\377\000S\000o\000m\000e\000\040\000e\000l\000e\000m\000e\000n\000t\000s\000\040\000c\000a\000n\000\040\000b\000e\000\040\000d\000y\000n\000a\000m\000i\000c\000a\000l\000l\000y\000\040\000t\000o\000g\000g\000l\000e\000d\000:}{section.4}% 49
\BOOKMARK [2][-]{subsection.4.15}{\376\377\0001\0004\000.\0001\000.\0002\000\040\000E\000x\000e\000c\000u\000t\000i\000n\000g\000\040\000V\000i\000m\000\040\000a\000n\000d\000\040\000E\000m\000a\000c\000s\000\040\000e\000x\000/\000M\000-\000x\000\040\000c\000o\000m\000m\000a\000n\000d\000s}{section.4}% 50
\BOOKMARK [2][-]{subsection.4.16}{\376\377\0001\0004\000.\0001\000.\0004\000\040\000A\000d\000d\000i\000t\000i\000o\000n\000a\000l\000\040\000t\000e\000x\000t\000\040\000o\000b\000j\000e\000c\000t\000s}{section.4}% 51
\BOOKMARK [2][-]{subsection.4.17}{\376\377\0001\0004\000.\0004\000.\0002\000\040\000G\000e\000t\000t\000i\000n\000g\000\040\000h\000e\000l\000p}{section.4}% 52
\BOOKMARK [2][-]{subsection.4.18}{\376\377\000O\000r\000g\000\040\000M\000o\000d\000e\000\040\000-\000\040\000O\000r\000g\000a\000n\000i\000z\000e\000\040\000Y\000o\000u\000r\000\040\000L\000i\000f\000e\000\040\000I\000n\000\040\000P\000l\000a\000i\000n\000\040\000T\000e\000x\000t\000!}{section.4}% 53
\BOOKMARK [2][-]{subsection.4.19}{\376\377\000S\000p\000a\000c\000e\000m\000a\000c\000s\000\040\000d\000o\000c\000u\000m\000e\000n\000t\000a\000t\000i\000o\000n}{section.4}% 54
\BOOKMARK [2][-]{subsection.4.20}{\376\377\000T\000h\000e\000\040\000O\000r\000g\000\040\000M\000a\000n\000u\000a\000l\000h\000t\000t\000p\000:\000/\000/\000o\000r\000g\000m\000o\000d\000e\000.\000o\000r\000g\000/\000o\000r\000g\000.\000h\000t\000m\000l}{section.4}% 55
\BOOKMARK [2][-]{subsection.4.21}{\376\377\000D\000O\000N\000E\000\040\000V\000i\000m\145\131\172\013}{section.4}% 56
\BOOKMARK [2][-]{subsection.4.22}{\376\377\000T\000h\000e\000\040\000O\000r\000g\000\040\000M\000a\000n\000u\000a\000l}{section.4}% 57
\BOOKMARK [2][-]{subsection.4.23}{\376\377\000o\000r\000g\000-\000m\000o\000d\000e\000:\000\040\147\000\131\175\166\204\145\207\150\143\177\026\217\221\122\051\126\150\377\014\154\241\147\011\116\113\116\000}{section.4}% 58
\BOOKMARK [2][-]{subsection.4.24}{\376\377\217\173\221\317\176\247\150\007\213\260\213\355\212\000}{section.4}% 59
